Start testing: Jun 24 09:18 CST
----------------------------------------------------------
1/192 Testing: MoveDataTest.ProtectMoveLoadedWithExpectedEffect
1/192 Test: MoveDataTest.ProtectMoveLoadedWithExpectedEffect
Command: "/home/qzz/PokemonSimulator/build/PokemonSimulatorTests" "--gtest_filter=MoveDataTest.ProtectMoveLoadedWithExpectedEffect" "--gtest_also_run_disabled_tests"
Directory: /home/qzz/PokemonSimulator/build
"MoveDataTest.ProtectMoveLoadedWithExpectedEffect" start time: Jun 24 09:18 CST
Output:
----------------------------------------------------------
Running main() from /home/qzz/PokemonSimulator/build/_deps/googletest-src/googletest/src/gtest_main.cc
Note: Google Test filter = MoveDataTest.ProtectMoveLoadedWithExpectedEffect
[==========] Running 1 test from 1 test suite.
[----------] Global test environment set-up.
[----------] 1 test from MoveDataTest
[ RUN      ] MoveDataTest.ProtectMoveLoadedWithExpectedEffect
[       OK ] MoveDataTest.ProtectMoveLoadedWithExpectedEffect (13 ms)
[----------] 1 test from MoveDataTest (13 ms total)

[----------] Global test environment tear-down
[==========] 1 test from 1 test suite ran. (13 ms total)
[  PASSED  ] 1 test.
<end of output>
Test time =   0.03 sec
----------------------------------------------------------
Test Passed.
"MoveDataTest.ProtectMoveLoadedWithExpectedEffect" end time: Jun 24 09:18 CST
"MoveDataTest.ProtectMoveLoadedWithExpectedEffect" time elapsed: 00:00:00
----------------------------------------------------------

2/192 Testing: MoveDataTest.QuickAttackLoadedWithPriorityAndTarget
2/192 Test: MoveDataTest.QuickAttackLoadedWithPriorityAndTarget
Command: "/home/qzz/PokemonSimulator/build/PokemonSimulatorTests" "--gtest_filter=MoveDataTest.QuickAttackLoadedWithPriorityAndTarget" "--gtest_also_run_disabled_tests"
Directory: /home/qzz/PokemonSimulator/build
"MoveDataTest.QuickAttackLoadedWithPriorityAndTarget" start time: Jun 24 09:18 CST
Output:
----------------------------------------------------------
Running main() from /home/qzz/PokemonSimulator/build/_deps/googletest-src/googletest/src/gtest_main.cc
Note: Google Test filter = MoveDataTest.QuickAttackLoadedWithPriorityAndTarget
[==========] Running 1 test from 1 test suite.
[----------] Global test environment set-up.
[----------] 1 test from MoveDataTest
[ RUN      ] MoveDataTest.QuickAttackLoadedWithPriorityAndTarget
[       OK ] MoveDataTest.QuickAttackLoadedWithPriorityAndTarget (19 ms)
[----------] 1 test from MoveDataTest (19 ms total)

[----------] Global test environment tear-down
[==========] 1 test from 1 test suite ran. (19 ms total)
[  PASSED  ] 1 test.
<end of output>
Test time =   0.04 sec
----------------------------------------------------------
Test Passed.
"MoveDataTest.QuickAttackLoadedWithPriorityAndTarget" end time: Jun 24 09:18 CST
"MoveDataTest.QuickAttackLoadedWithPriorityAndTarget" time elapsed: 00:00:00
----------------------------------------------------------

3/192 Testing: MoveDataTest.DragonDanceLoadedWithSelfTarget
3/192 Test: MoveDataTest.DragonDanceLoadedWithSelfTarget
Command: "/home/qzz/PokemonSimulator/build/PokemonSimulatorTests" "--gtest_filter=MoveDataTest.DragonDanceLoadedWithSelfTarget" "--gtest_also_run_disabled_tests"
Directory: /home/qzz/PokemonSimulator/build
"MoveDataTest.DragonDanceLoadedWithSelfTarget" start time: Jun 24 09:18 CST
Output:
----------------------------------------------------------
Running main() from /home/qzz/PokemonSimulator/build/_deps/googletest-src/googletest/src/gtest_main.cc
Note: Google Test filter = MoveDataTest.DragonDanceLoadedWithSelfTarget
[==========] Running 1 test from 1 test suite.
[----------] Global test environment set-up.
[----------] 1 test from MoveDataTest
[ RUN      ] MoveDataTest.DragonDanceLoadedWithSelfTarget
[       OK ] MoveDataTest.DragonDanceLoadedWithSelfTarget (23 ms)
[----------] 1 test from MoveDataTest (23 ms total)

[----------] Global test environment tear-down
[==========] 1 test from 1 test suite ran. (23 ms total)
[  PASSED  ] 1 test.
<end of output>
Test time =   0.04 sec
----------------------------------------------------------
Test Passed.
"MoveDataTest.DragonDanceLoadedWithSelfTarget" end time: Jun 24 09:18 CST
"MoveDataTest.DragonDanceLoadedWithSelfTarget" time elapsed: 00:00:00
----------------------------------------------------------

4/192 Testing: AbilityDataTest.BlazeNameMapsToBlazeType
4/192 Test: AbilityDataTest.BlazeNameMapsToBlazeType
Command: "/home/qzz/PokemonSimulator/build/PokemonSimulatorTests" "--gtest_filter=AbilityDataTest.BlazeNameMapsToBlazeType" "--gtest_also_run_disabled_tests"
Directory: /home/qzz/PokemonSimulator/build
"AbilityDataTest.BlazeNameMapsToBlazeType" start time: Jun 24 09:18 CST
Output:
----------------------------------------------------------
Running main() from /home/qzz/PokemonSimulator/build/_deps/googletest-src/googletest/src/gtest_main.cc
Note: Google Test filter = AbilityDataTest.BlazeNameMapsToBlazeType
[==========] Running 1 test from 1 test suite.
[----------] Global test environment set-up.
[----------] 1 test from AbilityDataTest
[ RUN      ] AbilityDataTest.BlazeNameMapsToBlazeType
[       OK ] AbilityDataTest.BlazeNameMapsToBlazeType (1 ms)
[----------] 1 test from AbilityDataTest (1 ms total)

[----------] Global test environment tear-down
[==========] 1 test from 1 test suite ran. (1 ms total)
[  PASSED  ] 1 test.
<end of output>
Test time =   0.02 sec
----------------------------------------------------------
Test Passed.
"AbilityDataTest.BlazeNameMapsToBlazeType" end time: Jun 24 09:18 CST
"AbilityDataTest.BlazeNameMapsToBlazeType" time elapsed: 00:00:00
----------------------------------------------------------

5/192 Testing: AbilityDataTest.AbilityFactoryUsesCanonicalAbilityData
5/192 Test: AbilityDataTest.AbilityFactoryUsesCanonicalAbilityData
Command: "/home/qzz/PokemonSimulator/build/PokemonSimulatorTests" "--gtest_filter=AbilityDataTest.AbilityFactoryUsesCanonicalAbilityData" "--gtest_also_run_disabled_tests"
Directory: /home/qzz/PokemonSimulator/build
"AbilityDataTest.AbilityFactoryUsesCanonicalAbilityData" start time: Jun 24 09:18 CST
Output:
----------------------------------------------------------
Running main() from /home/qzz/PokemonSimulator/build/_deps/googletest-src/googletest/src/gtest_main.cc
Note: Google Test filter = AbilityDataTest.AbilityFactoryUsesCanonicalAbilityData
[==========] Running 1 test from 1 test suite.
[----------] Global test environment set-up.
[----------] 1 test from AbilityDataTest
[ RUN      ] AbilityDataTest.AbilityFactoryUsesCanonicalAbilityData
[       OK ] AbilityDataTest.AbilityFactoryUsesCanonicalAbilityData (530 ms)
[----------] 1 test from AbilityDataTest (530 ms total)

[----------] Global test environment tear-down
[==========] 1 test from 1 test suite ran. (530 ms total)
[  PASSED  ] 1 test.
<end of output>
Test time =   0.54 sec
----------------------------------------------------------
Test Passed.
"AbilityDataTest.AbilityFactoryUsesCanonicalAbilityData" end time: Jun 24 09:18 CST
"AbilityDataTest.AbilityFactoryUsesCanonicalAbilityData" time elapsed: 00:00:00
----------------------------------------------------------

6/192 Testing: AbilityDataTest.AbilityFactoryPopulatesImmunityMetadata
6/192 Test: AbilityDataTest.AbilityFactoryPopulatesImmunityMetadata
Command: "/home/qzz/PokemonSimulator/build/PokemonSimulatorTests" "--gtest_filter=AbilityDataTest.AbilityFactoryPopulatesImmunityMetadata" "--gtest_also_run_disabled_tests"
Directory: /home/qzz/PokemonSimulator/build
"AbilityDataTest.AbilityFactoryPopulatesImmunityMetadata" start time: Jun 24 09:18 CST
Output:
----------------------------------------------------------
Running main() from /home/qzz/PokemonSimulator/build/_deps/googletest-src/googletest/src/gtest_main.cc
Note: Google Test filter = AbilityDataTest.AbilityFactoryPopulatesImmunityMetadata
[==========] Running 1 test from 1 test suite.
[----------] Global test environment set-up.
[----------] 1 test from AbilityDataTest
[ RUN      ] AbilityDataTest.AbilityFactoryPopulatesImmunityMetadata
[       OK ] AbilityDataTest.AbilityFactoryPopulatesImmunityMetadata (549 ms)
[----------] 1 test from AbilityDataTest (549 ms total)

[----------] Global test environment tear-down
[==========] 1 test from 1 test suite ran. (549 ms total)
[  PASSED  ] 1 test.
<end of output>
Test time =   0.57 sec
----------------------------------------------------------
Test Passed.
"AbilityDataTest.AbilityFactoryPopulatesImmunityMetadata" end time: Jun 24 09:18 CST
"AbilityDataTest.AbilityFactoryPopulatesImmunityMetadata" time elapsed: 00:00:00
----------------------------------------------------------

7/192 Testing: AbilityDataTest.AbilityFactoryPopulatesModifierAndTriggerMetadata
7/192 Test: AbilityDataTest.AbilityFactoryPopulatesModifierAndTriggerMetadata
Command: "/home/qzz/PokemonSimulator/build/PokemonSimulatorTests" "--gtest_filter=AbilityDataTest.AbilityFactoryPopulatesModifierAndTriggerMetadata" "--gtest_also_run_disabled_tests"
Directory: /home/qzz/PokemonSimulator/build
"AbilityDataTest.AbilityFactoryPopulatesModifierAndTriggerMetadata" start time: Jun 24 09:18 CST
Output:
----------------------------------------------------------
Running main() from /home/qzz/PokemonSimulator/build/_deps/googletest-src/googletest/src/gtest_main.cc
Note: Google Test filter = AbilityDataTest.AbilityFactoryPopulatesModifierAndTriggerMetadata
[==========] Running 1 test from 1 test suite.
[----------] Global test environment set-up.
[----------] 1 test from AbilityDataTest
[ RUN      ] AbilityDataTest.AbilityFactoryPopulatesModifierAndTriggerMetadata
[       OK ] AbilityDataTest.AbilityFactoryPopulatesModifierAndTriggerMetadata (574 ms)
[----------] 1 test from AbilityDataTest (574 ms total)

[----------] Global test environment tear-down
[==========] 1 test from 1 test suite ran. (574 ms total)
[  PASSED  ] 1 test.
<end of output>
Test time =   0.60 sec
----------------------------------------------------------
Test Passed.
"AbilityDataTest.AbilityFactoryPopulatesModifierAndTriggerMetadata" end time: Jun 24 09:18 CST
"AbilityDataTest.AbilityFactoryPopulatesModifierAndTriggerMetadata" time elapsed: 00:00:00
----------------------------------------------------------

8/192 Testing: AbilityDataTest.AbilityFactoryPopulatesEntryAndExitTriggers
8/192 Test: AbilityDataTest.AbilityFactoryPopulatesEntryAndExitTriggers
Command: "/home/qzz/PokemonSimulator/build/PokemonSimulatorTests" "--gtest_filter=AbilityDataTest.AbilityFactoryPopulatesEntryAndExitTriggers" "--gtest_also_run_disabled_tests"
Directory: /home/qzz/PokemonSimulator/build
"AbilityDataTest.AbilityFactoryPopulatesEntryAndExitTriggers" start time: Jun 24 09:18 CST
Output:
----------------------------------------------------------
Running main() from /home/qzz/PokemonSimulator/build/_deps/googletest-src/googletest/src/gtest_main.cc
Note: Google Test filter = AbilityDataTest.AbilityFactoryPopulatesEntryAndExitTriggers
[==========] Running 1 test from 1 test suite.
[----------] Global test environment set-up.
[----------] 1 test from AbilityDataTest
[ RUN      ] AbilityDataTest.AbilityFactoryPopulatesEntryAndExitTriggers
[       OK ] AbilityDataTest.AbilityFactoryPopulatesEntryAndExitTriggers (568 ms)
[----------] 1 test from AbilityDataTest (568 ms total)

[----------] Global test environment tear-down
[==========] 1 test from 1 test suite ran. (568 ms total)
[  PASSED  ] 1 test.
<end of output>
Test time =   0.59 sec
----------------------------------------------------------
Test Passed.
"AbilityDataTest.AbilityFactoryPopulatesEntryAndExitTriggers" end time: Jun 24 09:18 CST
"AbilityDataTest.AbilityFactoryPopulatesEntryAndExitTriggers" time elapsed: 00:00:00
----------------------------------------------------------

9/192 Testing: AbilityDataTest.EntryAndExitAbilityTriggersMutateBattleState
9/192 Test: AbilityDataTest.EntryAndExitAbilityTriggersMutateBattleState
Command: "/home/qzz/PokemonSimulator/build/PokemonSimulatorTests" "--gtest_filter=AbilityDataTest.EntryAndExitAbilityTriggersMutateBattleState" "--gtest_also_run_disabled_tests"
Directory: /home/qzz/PokemonSimulator/build
"AbilityDataTest.EntryAndExitAbilityTriggersMutateBattleState" start time: Jun 24 09:18 CST
Output:
----------------------------------------------------------
Running main() from /home/qzz/PokemonSimulator/build/_deps/googletest-src/googletest/src/gtest_main.cc
Note: Google Test filter = AbilityDataTest.EntryAndExitAbilityTriggersMutateBattleState
[==========] Running 1 test from 1 test suite.
[----------] Global test environment set-up.
[----------] 1 test from AbilityDataTest
[ RUN      ] AbilityDataTest.EntryAndExitAbilityTriggersMutateBattleState
[       OK ] AbilityDataTest.EntryAndExitAbilityTriggersMutateBattleState (540 ms)
[----------] 1 test from AbilityDataTest (540 ms total)

[----------] Global test environment tear-down
[==========] 1 test from 1 test suite ran. (541 ms total)
[  PASSED  ] 1 test.
<end of output>
Test time =   0.56 sec
----------------------------------------------------------
Test Passed.
"AbilityDataTest.EntryAndExitAbilityTriggersMutateBattleState" end time: Jun 24 09:18 CST
"AbilityDataTest.EntryAndExitAbilityTriggersMutateBattleState" time elapsed: 00:00:00
----------------------------------------------------------

10/192 Testing: AbilityDataTest.ResolveTypeImmunityUsesAbilityDefinition
10/192 Test: AbilityDataTest.ResolveTypeImmunityUsesAbilityDefinition
Command: "/home/qzz/PokemonSimulator/build/PokemonSimulatorTests" "--gtest_filter=AbilityDataTest.ResolveTypeImmunityUsesAbilityDefinition" "--gtest_also_run_disabled_tests"
Directory: /home/qzz/PokemonSimulator/build
"AbilityDataTest.ResolveTypeImmunityUsesAbilityDefinition" start time: Jun 24 09:18 CST
Output:
----------------------------------------------------------
Running main() from /home/qzz/PokemonSimulator/build/_deps/googletest-src/googletest/src/gtest_main.cc
Note: Google Test filter = AbilityDataTest.ResolveTypeImmunityUsesAbilityDefinition
[==========] Running 1 test from 1 test suite.
[----------] Global test environment set-up.
[----------] 1 test from AbilityDataTest
[ RUN      ] AbilityDataTest.ResolveTypeImmunityUsesAbilityDefinition
[       OK ] AbilityDataTest.ResolveTypeImmunityUsesAbilityDefinition (581 ms)
[----------] 1 test from AbilityDataTest (581 ms total)

[----------] Global test environment tear-down
[==========] 1 test from 1 test suite ran. (581 ms total)
[  PASSED  ] 1 test.
<end of output>
Test time =   0.60 sec
----------------------------------------------------------
Test Passed.
"AbilityDataTest.ResolveTypeImmunityUsesAbilityDefinition" end time: Jun 24 09:18 CST
"AbilityDataTest.ResolveTypeImmunityUsesAbilityDefinition" time elapsed: 00:00:00
----------------------------------------------------------

11/192 Testing: AbilityDataTest.ResolveStatusImmunityUsesAbilityDefinition
11/192 Test: AbilityDataTest.ResolveStatusImmunityUsesAbilityDefinition
Command: "/home/qzz/PokemonSimulator/build/PokemonSimulatorTests" "--gtest_filter=AbilityDataTest.ResolveStatusImmunityUsesAbilityDefinition" "--gtest_also_run_disabled_tests"
Directory: /home/qzz/PokemonSimulator/build
"AbilityDataTest.ResolveStatusImmunityUsesAbilityDefinition" start time: Jun 24 09:18 CST
Output:
----------------------------------------------------------
Running main() from /home/qzz/PokemonSimulator/build/_deps/googletest-src/googletest/src/gtest_main.cc
Note: Google Test filter = AbilityDataTest.ResolveStatusImmunityUsesAbilityDefinition
[==========] Running 1 test from 1 test suite.
[----------] Global test environment set-up.
[----------] 1 test from AbilityDataTest
[ RUN      ] AbilityDataTest.ResolveStatusImmunityUsesAbilityDefinition
[       OK ] AbilityDataTest.ResolveStatusImmunityUsesAbilityDefinition (558 ms)
[----------] 1 test from AbilityDataTest (559 ms total)

[----------] Global test environment tear-down
[==========] 1 test from 1 test suite ran. (559 ms total)
[  PASSED  ] 1 test.
<end of output>
Test time =   0.57 sec
----------------------------------------------------------
Test Passed.
"AbilityDataTest.ResolveStatusImmunityUsesAbilityDefinition" end time: Jun 24 09:18 CST
"AbilityDataTest.ResolveStatusImmunityUsesAbilityDefinition" time elapsed: 00:00:00
----------------------------------------------------------

12/192 Testing: AbilityDataTest.AbilityFlagHelpersExposeBattleRoutingRules
12/192 Test: AbilityDataTest.AbilityFlagHelpersExposeBattleRoutingRules
Command: "/home/qzz/PokemonSimulator/build/PokemonSimulatorTests" "--gtest_filter=AbilityDataTest.AbilityFlagHelpersExposeBattleRoutingRules" "--gtest_also_run_disabled_tests"
Directory: /home/qzz/PokemonSimulator/build
"AbilityDataTest.AbilityFlagHelpersExposeBattleRoutingRules" start time: Jun 24 09:18 CST
Output:
----------------------------------------------------------
Running main() from /home/qzz/PokemonSimulator/build/_deps/googletest-src/googletest/src/gtest_main.cc
Note: Google Test filter = AbilityDataTest.AbilityFlagHelpersExposeBattleRoutingRules
[==========] Running 1 test from 1 test suite.
[----------] Global test environment set-up.
[----------] 1 test from AbilityDataTest
[ RUN      ] AbilityDataTest.AbilityFlagHelpersExposeBattleRoutingRules
[       OK ] AbilityDataTest.AbilityFlagHelpersExposeBattleRoutingRules (547 ms)
[----------] 1 test from AbilityDataTest (547 ms total)

[----------] Global test environment tear-down
[==========] 1 test from 1 test suite ran. (547 ms total)
[  PASSED  ] 1 test.
<end of output>
Test time =   0.56 sec
----------------------------------------------------------
Test Passed.
"AbilityDataTest.AbilityFlagHelpersExposeBattleRoutingRules" end time: Jun 24 09:18 CST
"AbilityDataTest.AbilityFlagHelpersExposeBattleRoutingRules" time elapsed: 00:00:00
----------------------------------------------------------

13/192 Testing: AbilityDataTest.ApplyTypeImmunityBonusUsesAbilityDefinition
13/192 Test: AbilityDataTest.ApplyTypeImmunityBonusUsesAbilityDefinition
Command: "/home/qzz/PokemonSimulator/build/PokemonSimulatorTests" "--gtest_filter=AbilityDataTest.ApplyTypeImmunityBonusUsesAbilityDefinition" "--gtest_also_run_disabled_tests"
Directory: /home/qzz/PokemonSimulator/build
"AbilityDataTest.ApplyTypeImmunityBonusUsesAbilityDefinition" start time: Jun 24 09:18 CST
Output:
----------------------------------------------------------
Running main() from /home/qzz/PokemonSimulator/build/_deps/googletest-src/googletest/src/gtest_main.cc
Note: Google Test filter = AbilityDataTest.ApplyTypeImmunityBonusUsesAbilityDefinition
[==========] Running 1 test from 1 test suite.
[----------] Global test environment set-up.
[----------] 1 test from AbilityDataTest
[ RUN      ] AbilityDataTest.ApplyTypeImmunityBonusUsesAbilityDefinition
[       OK ] AbilityDataTest.ApplyTypeImmunityBonusUsesAbilityDefinition (576 ms)
[----------] 1 test from AbilityDataTest (576 ms total)

[----------] Global test environment tear-down
[==========] 1 test from 1 test suite ran. (576 ms total)
[  PASSED  ] 1 test.
<end of output>
Test time =   0.59 sec
----------------------------------------------------------
Test Passed.
"AbilityDataTest.ApplyTypeImmunityBonusUsesAbilityDefinition" end time: Jun 24 09:18 CST
"AbilityDataTest.ApplyTypeImmunityBonusUsesAbilityDefinition" time elapsed: 00:00:00
----------------------------------------------------------

14/192 Testing: AbilityDataTest.DampNameMapsToDampType
14/192 Test: AbilityDataTest.DampNameMapsToDampType
Command: "/home/qzz/PokemonSimulator/build/PokemonSimulatorTests" "--gtest_filter=AbilityDataTest.DampNameMapsToDampType" "--gtest_also_run_disabled_tests"
Directory: /home/qzz/PokemonSimulator/build
"AbilityDataTest.DampNameMapsToDampType" start time: Jun 24 09:18 CST
Output:
----------------------------------------------------------
Running main() from /home/qzz/PokemonSimulator/build/_deps/googletest-src/googletest/src/gtest_main.cc
Note: Google Test filter = AbilityDataTest.DampNameMapsToDampType
[==========] Running 1 test from 1 test suite.
[----------] Global test environment set-up.
[----------] 1 test from AbilityDataTest
[ RUN      ] AbilityDataTest.DampNameMapsToDampType
[       OK ] AbilityDataTest.DampNameMapsToDampType (595 ms)
[----------] 1 test from AbilityDataTest (595 ms total)

[----------] Global test environment tear-down
[==========] 1 test from 1 test suite ran. (595 ms total)
[  PASSED  ] 1 test.
<end of output>
Test time =   0.61 sec
----------------------------------------------------------
Test Passed.
"AbilityDataTest.DampNameMapsToDampType" end time: Jun 24 09:18 CST
"AbilityDataTest.DampNameMapsToDampType" time elapsed: 00:00:00
----------------------------------------------------------

15/192 Testing: AbilityDataTest.EarlyBirdNameMapsToEarlyBirdType
15/192 Test: AbilityDataTest.EarlyBirdNameMapsToEarlyBirdType
Command: "/home/qzz/PokemonSimulator/build/PokemonSimulatorTests" "--gtest_filter=AbilityDataTest.EarlyBirdNameMapsToEarlyBirdType" "--gtest_also_run_disabled_tests"
Directory: /home/qzz/PokemonSimulator/build
"AbilityDataTest.EarlyBirdNameMapsToEarlyBirdType" start time: Jun 24 09:18 CST
Output:
----------------------------------------------------------
Running main() from /home/qzz/PokemonSimulator/build/_deps/googletest-src/googletest/src/gtest_main.cc
Note: Google Test filter = AbilityDataTest.EarlyBirdNameMapsToEarlyBirdType
[==========] Running 1 test from 1 test suite.
[----------] Global test environment set-up.
[----------] 1 test from AbilityDataTest
[ RUN      ] AbilityDataTest.EarlyBirdNameMapsToEarlyBirdType
[       OK ] AbilityDataTest.EarlyBirdNameMapsToEarlyBirdType (550 ms)
[----------] 1 test from AbilityDataTest (550 ms total)

[----------] Global test environment tear-down
[==========] 1 test from 1 test suite ran. (550 ms total)
[  PASSED  ] 1 test.
<end of output>
Test time =   0.57 sec
----------------------------------------------------------
Test Passed.
"AbilityDataTest.EarlyBirdNameMapsToEarlyBirdType" end time: Jun 24 09:18 CST
"AbilityDataTest.EarlyBirdNameMapsToEarlyBirdType" time elapsed: 00:00:00
----------------------------------------------------------

16/192 Testing: AbilityDataTest.UnburdenNameMapsToUnburdenType
16/192 Test: AbilityDataTest.UnburdenNameMapsToUnburdenType
Command: "/home/qzz/PokemonSimulator/build/PokemonSimulatorTests" "--gtest_filter=AbilityDataTest.UnburdenNameMapsToUnburdenType" "--gtest_also_run_disabled_tests"
Directory: /home/qzz/PokemonSimulator/build
"AbilityDataTest.UnburdenNameMapsToUnburdenType" start time: Jun 24 09:18 CST
Output:
----------------------------------------------------------
Running main() from /home/qzz/PokemonSimulator/build/_deps/googletest-src/googletest/src/gtest_main.cc
Note: Google Test filter = AbilityDataTest.UnburdenNameMapsToUnburdenType
[==========] Running 1 test from 1 test suite.
[----------] Global test environment set-up.
[----------] 1 test from AbilityDataTest
[ RUN      ] AbilityDataTest.UnburdenNameMapsToUnburdenType
[       OK ] AbilityDataTest.UnburdenNameMapsToUnburdenType (554 ms)
[----------] 1 test from AbilityDataTest (554 ms total)

[----------] Global test environment tear-down
[==========] 1 test from 1 test suite ran. (554 ms total)
[  PASSED  ] 1 test.
<end of output>
Test time =   0.58 sec
----------------------------------------------------------
Test Passed.
"AbilityDataTest.UnburdenNameMapsToUnburdenType" end time: Jun 24 09:18 CST
"AbilityDataTest.UnburdenNameMapsToUnburdenType" time elapsed: 00:00:00
----------------------------------------------------------

17/192 Testing: AbilityDataTest.AngerPointNameMapsToAngerPointType
17/192 Test: AbilityDataTest.AngerPointNameMapsToAngerPointType
Command: "/home/qzz/PokemonSimulator/build/PokemonSimulatorTests" "--gtest_filter=AbilityDataTest.AngerPointNameMapsToAngerPointType" "--gtest_also_run_disabled_tests"
Directory: /home/qzz/PokemonSimulator/build
"AbilityDataTest.AngerPointNameMapsToAngerPointType" start time: Jun 24 09:18 CST
Output:
----------------------------------------------------------
Running main() from /home/qzz/PokemonSimulator/build/_deps/googletest-src/googletest/src/gtest_main.cc
Note: Google Test filter = AbilityDataTest.AngerPointNameMapsToAngerPointType
[==========] Running 1 test from 1 test suite.
[----------] Global test environment set-up.
[----------] 1 test from AbilityDataTest
[ RUN      ] AbilityDataTest.AngerPointNameMapsToAngerPointType
[       OK ] AbilityDataTest.AngerPointNameMapsToAngerPointType (539 ms)
[----------] 1 test from AbilityDataTest (539 ms total)

[----------] Global test environment tear-down
[==========] 1 test from 1 test suite ran. (539 ms total)
[  PASSED  ] 1 test.
<end of output>
Test time =   0.56 sec
----------------------------------------------------------
Test Passed.
"AbilityDataTest.AngerPointNameMapsToAngerPointType" end time: Jun 24 09:18 CST
"AbilityDataTest.AngerPointNameMapsToAngerPointType" time elapsed: 00:00:00
----------------------------------------------------------

18/192 Testing: AbilityDataTest.GluttonyNameMapsToGluttonyType
18/192 Test: AbilityDataTest.GluttonyNameMapsToGluttonyType
Command: "/home/qzz/PokemonSimulator/build/PokemonSimulatorTests" "--gtest_filter=AbilityDataTest.GluttonyNameMapsToGluttonyType" "--gtest_also_run_disabled_tests"
Directory: /home/qzz/PokemonSimulator/build
"AbilityDataTest.GluttonyNameMapsToGluttonyType" start time: Jun 24 09:18 CST
Output:
----------------------------------------------------------
Running main() from /home/qzz/PokemonSimulator/build/_deps/googletest-src/googletest/src/gtest_main.cc
Note: Google Test filter = AbilityDataTest.GluttonyNameMapsToGluttonyType
[==========] Running 1 test from 1 test suite.
[----------] Global test environment set-up.
[----------] 1 test from AbilityDataTest
[ RUN      ] AbilityDataTest.GluttonyNameMapsToGluttonyType
[       OK ] AbilityDataTest.GluttonyNameMapsToGluttonyType (553 ms)
[----------] 1 test from AbilityDataTest (553 ms total)

[----------] Global test environment tear-down
[==========] 1 test from 1 test suite ran. (554 ms total)
[  PASSED  ] 1 test.
<end of output>
Test time =   0.57 sec
----------------------------------------------------------
Test Passed.
"AbilityDataTest.GluttonyNameMapsToGluttonyType" end time: Jun 24 09:18 CST
"AbilityDataTest.GluttonyNameMapsToGluttonyType" time elapsed: 00:00:00
----------------------------------------------------------

19/192 Testing: AbilityDataTest.EffectSporeNameMapsToEffectSporeType
19/192 Test: AbilityDataTest.EffectSporeNameMapsToEffectSporeType
Command: "/home/qzz/PokemonSimulator/build/PokemonSimulatorTests" "--gtest_filter=AbilityDataTest.EffectSporeNameMapsToEffectSporeType" "--gtest_also_run_disabled_tests"
Directory: /home/qzz/PokemonSimulator/build
"AbilityDataTest.EffectSporeNameMapsToEffectSporeType" start time: Jun 24 09:18 CST
Output:
----------------------------------------------------------
Running main() from /home/qzz/PokemonSimulator/build/_deps/googletest-src/googletest/src/gtest_main.cc
Note: Google Test filter = AbilityDataTest.EffectSporeNameMapsToEffectSporeType
[==========] Running 1 test from 1 test suite.
[----------] Global test environment set-up.
[----------] 1 test from AbilityDataTest
[ RUN      ] AbilityDataTest.EffectSporeNameMapsToEffectSporeType
[       OK ] AbilityDataTest.EffectSporeNameMapsToEffectSporeType (563 ms)
[----------] 1 test from AbilityDataTest (563 ms total)

[----------] Global test environment tear-down
[==========] 1 test from 1 test suite ran. (563 ms total)
[  PASSED  ] 1 test.
<end of output>
Test time =   0.58 sec
----------------------------------------------------------
Test Passed.
"AbilityDataTest.EffectSporeNameMapsToEffectSporeType" end time: Jun 24 09:18 CST
"AbilityDataTest.EffectSporeNameMapsToEffectSporeType" time elapsed: 00:00:00
----------------------------------------------------------

20/192 Testing: AbilityDataTest.WaterVeilPreventsBurnStatus
20/192 Test: AbilityDataTest.WaterVeilPreventsBurnStatus
Command: "/home/qzz/PokemonSimulator/build/PokemonSimulatorTests" "--gtest_filter=AbilityDataTest.WaterVeilPreventsBurnStatus" "--gtest_also_run_disabled_tests"
Directory: /home/qzz/PokemonSimulator/build
"AbilityDataTest.WaterVeilPreventsBurnStatus" start time: Jun 24 09:18 CST
Output:
----------------------------------------------------------
Running main() from /home/qzz/PokemonSimulator/build/_deps/googletest-src/googletest/src/gtest_main.cc
Note: Google Test filter = AbilityDataTest.WaterVeilPreventsBurnStatus
[==========] Running 1 test from 1 test suite.
[----------] Global test environment set-up.
[----------] 1 test from AbilityDataTest
[ RUN      ] AbilityDataTest.WaterVeilPreventsBurnStatus
[       OK ] AbilityDataTest.WaterVeilPreventsBurnStatus (558 ms)
[----------] 1 test from AbilityDataTest (559 ms total)

[----------] Global test environment tear-down
[==========] 1 test from 1 test suite ran. (559 ms total)
[  PASSED  ] 1 test.
<end of output>
Test time =   0.58 sec
----------------------------------------------------------
Test Passed.
"AbilityDataTest.WaterVeilPreventsBurnStatus" end time: Jun 24 09:18 CST
"AbilityDataTest.WaterVeilPreventsBurnStatus" time elapsed: 00:00:00
----------------------------------------------------------

21/192 Testing: AbilityDataTest.MagmaArmorPreventsFreezeStatus
21/192 Test: AbilityDataTest.MagmaArmorPreventsFreezeStatus
Command: "/home/qzz/PokemonSimulator/build/PokemonSimulatorTests" "--gtest_filter=AbilityDataTest.MagmaArmorPreventsFreezeStatus" "--gtest_also_run_disabled_tests"
Directory: /home/qzz/PokemonSimulator/build
"AbilityDataTest.MagmaArmorPreventsFreezeStatus" start time: Jun 24 09:18 CST
Output:
----------------------------------------------------------
Running main() from /home/qzz/PokemonSimulator/build/_deps/googletest-src/googletest/src/gtest_main.cc
Note: Google Test filter = AbilityDataTest.MagmaArmorPreventsFreezeStatus
[==========] Running 1 test from 1 test suite.
[----------] Global test environment set-up.
[----------] 1 test from AbilityDataTest
[ RUN      ] AbilityDataTest.MagmaArmorPreventsFreezeStatus
[       OK ] AbilityDataTest.MagmaArmorPreventsFreezeStatus (585 ms)
[----------] 1 test from AbilityDataTest (585 ms total)

[----------] Global test environment tear-down
[==========] 1 test from 1 test suite ran. (585 ms total)
[  PASSED  ] 1 test.
<end of output>
Test time =   0.60 sec
----------------------------------------------------------
Test Passed.
"AbilityDataTest.MagmaArmorPreventsFreezeStatus" end time: Jun 24 09:18 CST
"AbilityDataTest.MagmaArmorPreventsFreezeStatus" time elapsed: 00:00:00
----------------------------------------------------------

22/192 Testing: AbilityDataTest.StenchNameMapsToStenchType
22/192 Test: AbilityDataTest.StenchNameMapsToStenchType
Command: "/home/qzz/PokemonSimulator/build/PokemonSimulatorTests" "--gtest_filter=AbilityDataTest.StenchNameMapsToStenchType" "--gtest_also_run_disabled_tests"
Directory: /home/qzz/PokemonSimulator/build
"AbilityDataTest.StenchNameMapsToStenchType" start time: Jun 24 09:18 CST
Output:
----------------------------------------------------------
Running main() from /home/qzz/PokemonSimulator/build/_deps/googletest-src/googletest/src/gtest_main.cc
Note: Google Test filter = AbilityDataTest.StenchNameMapsToStenchType
[==========] Running 1 test from 1 test suite.
[----------] Global test environment set-up.
[----------] 1 test from AbilityDataTest
[ RUN      ] AbilityDataTest.StenchNameMapsToStenchType
[       OK ] AbilityDataTest.StenchNameMapsToStenchType (560 ms)
[----------] 1 test from AbilityDataTest (560 ms total)

[----------] Global test environment tear-down
[==========] 1 test from 1 test suite ran. (560 ms total)
[  PASSED  ] 1 test.
<end of output>
Test time =   0.58 sec
----------------------------------------------------------
Test Passed.
"AbilityDataTest.StenchNameMapsToStenchType" end time: Jun 24 09:18 CST
"AbilityDataTest.StenchNameMapsToStenchType" time elapsed: 00:00:00
----------------------------------------------------------

23/192 Testing: AbilityDataTest.SteadfastNameMapsToSteadfastType
23/192 Test: AbilityDataTest.SteadfastNameMapsToSteadfastType
Command: "/home/qzz/PokemonSimulator/build/PokemonSimulatorTests" "--gtest_filter=AbilityDataTest.SteadfastNameMapsToSteadfastType" "--gtest_also_run_disabled_tests"
Directory: /home/qzz/PokemonSimulator/build
"AbilityDataTest.SteadfastNameMapsToSteadfastType" start time: Jun 24 09:18 CST
Output:
----------------------------------------------------------
Running main() from /home/qzz/PokemonSimulator/build/_deps/googletest-src/googletest/src/gtest_main.cc
Note: Google Test filter = AbilityDataTest.SteadfastNameMapsToSteadfastType
[==========] Running 1 test from 1 test suite.
[----------] Global test environment set-up.
[----------] 1 test from AbilityDataTest
[ RUN      ] AbilityDataTest.SteadfastNameMapsToSteadfastType
[       OK ] AbilityDataTest.SteadfastNameMapsToSteadfastType (564 ms)
[----------] 1 test from AbilityDataTest (564 ms total)

[----------] Global test environment tear-down
[==========] 1 test from 1 test suite ran. (565 ms total)
[  PASSED  ] 1 test.
<end of output>
Test time =   0.59 sec
----------------------------------------------------------
Test Passed.
"AbilityDataTest.SteadfastNameMapsToSteadfastType" end time: Jun 24 09:18 CST
"AbilityDataTest.SteadfastNameMapsToSteadfastType" time elapsed: 00:00:00
----------------------------------------------------------

24/192 Testing: AbilityDataTest.SuctionCupsNameMapsToSuctionCupsType
24/192 Test: AbilityDataTest.SuctionCupsNameMapsToSuctionCupsType
Command: "/home/qzz/PokemonSimulator/build/PokemonSimulatorTests" "--gtest_filter=AbilityDataTest.SuctionCupsNameMapsToSuctionCupsType" "--gtest_also_run_disabled_tests"
Directory: /home/qzz/PokemonSimulator/build
"AbilityDataTest.SuctionCupsNameMapsToSuctionCupsType" start time: Jun 24 09:18 CST
Output:
----------------------------------------------------------
Running main() from /home/qzz/PokemonSimulator/build/_deps/googletest-src/googletest/src/gtest_main.cc
Note: Google Test filter = AbilityDataTest.SuctionCupsNameMapsToSuctionCupsType
[==========] Running 1 test from 1 test suite.
[----------] Global test environment set-up.
[----------] 1 test from AbilityDataTest
[ RUN      ] AbilityDataTest.SuctionCupsNameMapsToSuctionCupsType
[       OK ] AbilityDataTest.SuctionCupsNameMapsToSuctionCupsType (611 ms)
[----------] 1 test from AbilityDataTest (611 ms total)

[----------] Global test environment tear-down
[==========] 1 test from 1 test suite ran. (611 ms total)
[  PASSED  ] 1 test.
<end of output>
Test time =   0.63 sec
----------------------------------------------------------
Test Passed.
"AbilityDataTest.SuctionCupsNameMapsToSuctionCupsType" end time: Jun 24 09:18 CST
"AbilityDataTest.SuctionCupsNameMapsToSuctionCupsType" time elapsed: 00:00:00
----------------------------------------------------------

25/192 Testing: AbilityDataTest.HeatproofNameMapsToHeatproofType
25/192 Test: AbilityDataTest.HeatproofNameMapsToHeatproofType
Command: "/home/qzz/PokemonSimulator/build/PokemonSimulatorTests" "--gtest_filter=AbilityDataTest.HeatproofNameMapsToHeatproofType" "--gtest_also_run_disabled_tests"
Directory: /home/qzz/PokemonSimulator/build
"AbilityDataTest.HeatproofNameMapsToHeatproofType" start time: Jun 24 09:18 CST
Output:
----------------------------------------------------------
Running main() from /home/qzz/PokemonSimulator/build/_deps/googletest-src/googletest/src/gtest_main.cc
Note: Google Test filter = AbilityDataTest.HeatproofNameMapsToHeatproofType
[==========] Running 1 test from 1 test suite.
[----------] Global test environment set-up.
[----------] 1 test from AbilityDataTest
[ RUN      ] AbilityDataTest.HeatproofNameMapsToHeatproofType
[       OK ] AbilityDataTest.HeatproofNameMapsToHeatproofType (563 ms)
[----------] 1 test from AbilityDataTest (563 ms total)

[----------] Global test environment tear-down
[==========] 1 test from 1 test suite ran. (563 ms total)
[  PASSED  ] 1 test.
<end of output>
Test time =   0.58 sec
----------------------------------------------------------
Test Passed.
"AbilityDataTest.HeatproofNameMapsToHeatproofType" end time: Jun 24 09:18 CST
"AbilityDataTest.HeatproofNameMapsToHeatproofType" time elapsed: 00:00:00
----------------------------------------------------------

26/192 Testing: AbilityDataTest.SniperNameMapsToSniperType
26/192 Test: AbilityDataTest.SniperNameMapsToSniperType
Command: "/home/qzz/PokemonSimulator/build/PokemonSimulatorTests" "--gtest_filter=AbilityDataTest.SniperNameMapsToSniperType" "--gtest_also_run_disabled_tests"
Directory: /home/qzz/PokemonSimulator/build
"AbilityDataTest.SniperNameMapsToSniperType" start time: Jun 24 09:18 CST
Output:
----------------------------------------------------------
Running main() from /home/qzz/PokemonSimulator/build/_deps/googletest-src/googletest/src/gtest_main.cc
Note: Google Test filter = AbilityDataTest.SniperNameMapsToSniperType
[==========] Running 1 test from 1 test suite.
[----------] Global test environment set-up.
[----------] 1 test from AbilityDataTest
[ RUN      ] AbilityDataTest.SniperNameMapsToSniperType
[       OK ] AbilityDataTest.SniperNameMapsToSniperType (552 ms)
[----------] 1 test from AbilityDataTest (552 ms total)

[----------] Global test environment tear-down
[==========] 1 test from 1 test suite ran. (552 ms total)
[  PASSED  ] 1 test.
<end of output>
Test time =   0.57 sec
----------------------------------------------------------
Test Passed.
"AbilityDataTest.SniperNameMapsToSniperType" end time: Jun 24 09:18 CST
"AbilityDataTest.SniperNameMapsToSniperType" time elapsed: 00:00:00
----------------------------------------------------------

27/192 Testing: BuildFromJsonTest.CharizardBuildHasFourMoves
27/192 Test: BuildFromJsonTest.CharizardBuildHasFourMoves
Command: "/home/qzz/PokemonSimulator/build/PokemonSimulatorTests" "--gtest_filter=BuildFromJsonTest.CharizardBuildHasFourMoves" "--gtest_also_run_disabled_tests"
Directory: /home/qzz/PokemonSimulator/build
"BuildFromJsonTest.CharizardBuildHasFourMoves" start time: Jun 24 09:18 CST
Output:
----------------------------------------------------------
Running main() from /home/qzz/PokemonSimulator/build/_deps/googletest-src/googletest/src/gtest_main.cc
Note: Google Test filter = BuildFromJsonTest.CharizardBuildHasFourMoves
[==========] Running 1 test from 1 test suite.
[----------] Global test environment set-up.
[----------] 1 test from BuildFromJsonTest
[ RUN      ] BuildFromJsonTest.CharizardBuildHasFourMoves
[       OK ] BuildFromJsonTest.CharizardBuildHasFourMoves (74 ms)
[----------] 1 test from BuildFromJsonTest (74 ms total)

[----------] Global test environment tear-down
[==========] 1 test from 1 test suite ran. (74 ms total)
[  PASSED  ] 1 test.
<end of output>
Test time =   0.09 sec
----------------------------------------------------------
Test Passed.
"BuildFromJsonTest.CharizardBuildHasFourMoves" end time: Jun 24 09:18 CST
"BuildFromJsonTest.CharizardBuildHasFourMoves" time elapsed: 00:00:00
----------------------------------------------------------

28/192 Testing: BuildFromJsonTest.SelfContainedPokemonJsonLoadsPokemonInstance
28/192 Test: BuildFromJsonTest.SelfContainedPokemonJsonLoadsPokemonInstance
Command: "/home/qzz/PokemonSimulator/build/PokemonSimulatorTests" "--gtest_filter=BuildFromJsonTest.SelfContainedPokemonJsonLoadsPokemonInstance" "--gtest_also_run_disabled_tests"
Directory: /home/qzz/PokemonSimulator/build
"BuildFromJsonTest.SelfContainedPokemonJsonLoadsPokemonInstance" start time: Jun 24 09:18 CST
Output:
----------------------------------------------------------
Running main() from /home/qzz/PokemonSimulator/build/_deps/googletest-src/googletest/src/gtest_main.cc
Note: Google Test filter = BuildFromJsonTest.SelfContainedPokemonJsonLoadsPokemonInstance
[==========] Running 1 test from 1 test suite.
[----------] Global test environment set-up.
[----------] 1 test from BuildFromJsonTest
[ RUN      ] BuildFromJsonTest.SelfContainedPokemonJsonLoadsPokemonInstance
[       OK ] BuildFromJsonTest.SelfContainedPokemonJsonLoadsPokemonInstance (45 ms)
[----------] 1 test from BuildFromJsonTest (45 ms total)

[----------] Global test environment tear-down
[==========] 1 test from 1 test suite ran. (45 ms total)
[  PASSED  ] 1 test.
<end of output>
Test time =   0.06 sec
----------------------------------------------------------
Test Passed.
"BuildFromJsonTest.SelfContainedPokemonJsonLoadsPokemonInstance" end time: Jun 24 09:18 CST
"BuildFromJsonTest.SelfContainedPokemonJsonLoadsPokemonInstance" time elapsed: 00:00:00
----------------------------------------------------------

29/192 Testing: BattleLogicTest.ToxicPoisonEffectApplied
29/192 Test: BattleLogicTest.ToxicPoisonEffectApplied
Command: "/home/qzz/PokemonSimulator/build/PokemonSimulatorTests" "--gtest_filter=BattleLogicTest.ToxicPoisonEffectApplied" "--gtest_also_run_disabled_tests"
Directory: /home/qzz/PokemonSimulator/build
"BattleLogicTest.ToxicPoisonEffectApplied" start time: Jun 24 09:18 CST
Output:
----------------------------------------------------------
Running main() from /home/qzz/PokemonSimulator/build/_deps/googletest-src/googletest/src/gtest_main.cc
Note: Google Test filter = BattleLogicTest.ToxicPoisonEffectApplied
[==========] Running 1 test from 1 test suite.
[----------] Global test environment set-up.
[----------] 1 test from BattleLogicTest
[ RUN      ] BattleLogicTest.ToxicPoisonEffectApplied
[       OK ] BattleLogicTest.ToxicPoisonEffectApplied (536 ms)
[----------] 1 test from BattleLogicTest (536 ms total)

[----------] Global test environment tear-down
[==========] 1 test from 1 test suite ran. (536 ms total)
[  PASSED  ] 1 test.
<end of output>
Test time =   0.55 sec
----------------------------------------------------------
Test Passed.
"BattleLogicTest.ToxicPoisonEffectApplied" end time: Jun 24 09:18 CST
"BattleLogicTest.ToxicPoisonEffectApplied" time elapsed: 00:00:00
----------------------------------------------------------

30/192 Testing: BattleLogicTest.IntimidateLowersOpponentAttackStageOnEntry
30/192 Test: BattleLogicTest.IntimidateLowersOpponentAttackStageOnEntry
Command: "/home/qzz/PokemonSimulator/build/PokemonSimulatorTests" "--gtest_filter=BattleLogicTest.IntimidateLowersOpponentAttackStageOnEntry" "--gtest_also_run_disabled_tests"
Directory: /home/qzz/PokemonSimulator/build
"BattleLogicTest.IntimidateLowersOpponentAttackStageOnEntry" start time: Jun 24 09:18 CST
Output:
----------------------------------------------------------
Running main() from /home/qzz/PokemonSimulator/build/_deps/googletest-src/googletest/src/gtest_main.cc
Note: Google Test filter = BattleLogicTest.IntimidateLowersOpponentAttackStageOnEntry
[==========] Running 1 test from 1 test suite.
[----------] Global test environment set-up.
[----------] 1 test from BattleLogicTest
[ RUN      ] BattleLogicTest.IntimidateLowersOpponentAttackStageOnEntry
[       OK ] BattleLogicTest.IntimidateLowersOpponentAttackStageOnEntry (554 ms)
[----------] 1 test from BattleLogicTest (554 ms total)

[----------] Global test environment tear-down
[==========] 1 test from 1 test suite ran. (554 ms total)
[  PASSED  ] 1 test.
<end of output>
Test time =   0.57 sec
----------------------------------------------------------
Test Passed.
"BattleLogicTest.IntimidateLowersOpponentAttackStageOnEntry" end time: Jun 24 09:18 CST
"BattleLogicTest.IntimidateLowersOpponentAttackStageOnEntry" time elapsed: 00:00:00
----------------------------------------------------------

31/192 Testing: BattleLogicTest.MovePriorityOutranksSpeedInQueue
31/192 Test: BattleLogicTest.MovePriorityOutranksSpeedInQueue
Command: "/home/qzz/PokemonSimulator/build/PokemonSimulatorTests" "--gtest_filter=BattleLogicTest.MovePriorityOutranksSpeedInQueue" "--gtest_also_run_disabled_tests"
Directory: /home/qzz/PokemonSimulator/build
"BattleLogicTest.MovePriorityOutranksSpeedInQueue" start time: Jun 24 09:18 CST
Output:
----------------------------------------------------------
Running main() from /home/qzz/PokemonSimulator/build/_deps/googletest-src/googletest/src/gtest_main.cc
Note: Google Test filter = BattleLogicTest.MovePriorityOutranksSpeedInQueue
[==========] Running 1 test from 1 test suite.
[----------] Global test environment set-up.
[----------] 1 test from BattleLogicTest
[ RUN      ] BattleLogicTest.MovePriorityOutranksSpeedInQueue
[       OK ] BattleLogicTest.MovePriorityOutranksSpeedInQueue (18 ms)
[----------] 1 test from BattleLogicTest (18 ms total)

[----------] Global test environment tear-down
[==========] 1 test from 1 test suite ran. (18 ms total)
[  PASSED  ] 1 test.
<end of output>
Test time =   0.04 sec
----------------------------------------------------------
Test Passed.
"BattleLogicTest.MovePriorityOutranksSpeedInQueue" end time: Jun 24 09:18 CST
"BattleLogicTest.MovePriorityOutranksSpeedInQueue" time elapsed: 00:00:00
----------------------------------------------------------

32/192 Testing: BattleLogicTest.QueueTieUsesInsertionOrderForDeterminism
32/192 Test: BattleLogicTest.QueueTieUsesInsertionOrderForDeterminism
Command: "/home/qzz/PokemonSimulator/build/PokemonSimulatorTests" "--gtest_filter=BattleLogicTest.QueueTieUsesInsertionOrderForDeterminism" "--gtest_also_run_disabled_tests"
Directory: /home/qzz/PokemonSimulator/build
"BattleLogicTest.QueueTieUsesInsertionOrderForDeterminism" start time: Jun 24 09:18 CST
Output:
----------------------------------------------------------
Running main() from /home/qzz/PokemonSimulator/build/_deps/googletest-src/googletest/src/gtest_main.cc
Note: Google Test filter = BattleLogicTest.QueueTieUsesInsertionOrderForDeterminism
[==========] Running 1 test from 1 test suite.
[----------] Global test environment set-up.
[----------] 1 test from BattleLogicTest
[ RUN      ] BattleLogicTest.QueueTieUsesInsertionOrderForDeterminism
[       OK ] BattleLogicTest.QueueTieUsesInsertionOrderForDeterminism (9 ms)
[----------] 1 test from BattleLogicTest (10 ms total)

[----------] Global test environment tear-down
[==========] 1 test from 1 test suite ran. (10 ms total)
[  PASSED  ] 1 test.
<end of output>
Test time =   0.03 sec
----------------------------------------------------------
Test Passed.
"BattleLogicTest.QueueTieUsesInsertionOrderForDeterminism" end time: Jun 24 09:18 CST
"BattleLogicTest.QueueTieUsesInsertionOrderForDeterminism" time elapsed: 00:00:00
----------------------------------------------------------

33/192 Testing: BattleLogicTest.DragonDanceRaisesAttackAndSpeed
33/192 Test: BattleLogicTest.DragonDanceRaisesAttackAndSpeed
Command: "/home/qzz/PokemonSimulator/build/PokemonSimulatorTests" "--gtest_filter=BattleLogicTest.DragonDanceRaisesAttackAndSpeed" "--gtest_also_run_disabled_tests"
Directory: /home/qzz/PokemonSimulator/build
"BattleLogicTest.DragonDanceRaisesAttackAndSpeed" start time: Jun 24 09:18 CST
Output:
----------------------------------------------------------
Running main() from /home/qzz/PokemonSimulator/build/_deps/googletest-src/googletest/src/gtest_main.cc
Note: Google Test filter = BattleLogicTest.DragonDanceRaisesAttackAndSpeed
[==========] Running 1 test from 1 test suite.
[----------] Global test environment set-up.
[----------] 1 test from BattleLogicTest
[ RUN      ] BattleLogicTest.DragonDanceRaisesAttackAndSpeed
[       OK ] BattleLogicTest.DragonDanceRaisesAttackAndSpeed (579 ms)
[----------] 1 test from BattleLogicTest (579 ms total)

[----------] Global test environment tear-down
[==========] 1 test from 1 test suite ran. (579 ms total)
[  PASSED  ] 1 test.
<end of output>
Test time =   0.60 sec
----------------------------------------------------------
Test Passed.
"BattleLogicTest.DragonDanceRaisesAttackAndSpeed" end time: Jun 24 09:18 CST
"BattleLogicTest.DragonDanceRaisesAttackAndSpeed" time elapsed: 00:00:00
----------------------------------------------------------

34/192 Testing: AbilityBehaviorTest.InsomniaBlocksSleepStatus
34/192 Test: AbilityBehaviorTest.InsomniaBlocksSleepStatus
Command: "/home/qzz/PokemonSimulator/build/PokemonSimulatorTests" "--gtest_filter=AbilityBehaviorTest.InsomniaBlocksSleepStatus" "--gtest_also_run_disabled_tests"
Directory: /home/qzz/PokemonSimulator/build
"AbilityBehaviorTest.InsomniaBlocksSleepStatus" start time: Jun 24 09:18 CST
Output:
----------------------------------------------------------
Running main() from /home/qzz/PokemonSimulator/build/_deps/googletest-src/googletest/src/gtest_main.cc
Note: Google Test filter = AbilityBehaviorTest.InsomniaBlocksSleepStatus
[==========] Running 1 test from 1 test suite.
[----------] Global test environment set-up.
[----------] 1 test from AbilityBehaviorTest
[ RUN      ] AbilityBehaviorTest.InsomniaBlocksSleepStatus
[       OK ] AbilityBehaviorTest.InsomniaBlocksSleepStatus (572 ms)
[----------] 1 test from AbilityBehaviorTest (572 ms total)

[----------] Global test environment tear-down
[==========] 1 test from 1 test suite ran. (572 ms total)
[  PASSED  ] 1 test.
<end of output>
Test time =   0.59 sec
----------------------------------------------------------
Test Passed.
"AbilityBehaviorTest.InsomniaBlocksSleepStatus" end time: Jun 24 09:18 CST
"AbilityBehaviorTest.InsomniaBlocksSleepStatus" time elapsed: 00:00:00
----------------------------------------------------------

35/192 Testing: AbilityBehaviorTest.GutsBoostsPhysicalDamageWhileStatused
35/192 Test: AbilityBehaviorTest.GutsBoostsPhysicalDamageWhileStatused
Command: "/home/qzz/PokemonSimulator/build/PokemonSimulatorTests" "--gtest_filter=AbilityBehaviorTest.GutsBoostsPhysicalDamageWhileStatused" "--gtest_also_run_disabled_tests"
Directory: /home/qzz/PokemonSimulator/build
"AbilityBehaviorTest.GutsBoostsPhysicalDamageWhileStatused" start time: Jun 24 09:18 CST
Output:
----------------------------------------------------------
Running main() from /home/qzz/PokemonSimulator/build/_deps/googletest-src/googletest/src/gtest_main.cc
Note: Google Test filter = AbilityBehaviorTest.GutsBoostsPhysicalDamageWhileStatused
[==========] Running 1 test from 1 test suite.
[----------] Global test environment set-up.
[----------] 1 test from AbilityBehaviorTest
[ RUN      ] AbilityBehaviorTest.GutsBoostsPhysicalDamageWhileStatused
[       OK ] AbilityBehaviorTest.GutsBoostsPhysicalDamageWhileStatused (545 ms)
[----------] 1 test from AbilityBehaviorTest (545 ms total)

[----------] Global test environment tear-down
[==========] 1 test from 1 test suite ran. (545 ms total)
[  PASSED  ] 1 test.
<end of output>
Test time =   0.56 sec
----------------------------------------------------------
Test Passed.
"AbilityBehaviorTest.GutsBoostsPhysicalDamageWhileStatused" end time: Jun 24 09:18 CST
"AbilityBehaviorTest.GutsBoostsPhysicalDamageWhileStatused" time elapsed: 00:00:00
----------------------------------------------------------

36/192 Testing: AbilityBehaviorTest.HugePowerBoostsPhysicalDamage
36/192 Test: AbilityBehaviorTest.HugePowerBoostsPhysicalDamage
Command: "/home/qzz/PokemonSimulator/build/PokemonSimulatorTests" "--gtest_filter=AbilityBehaviorTest.HugePowerBoostsPhysicalDamage" "--gtest_also_run_disabled_tests"
Directory: /home/qzz/PokemonSimulator/build
"AbilityBehaviorTest.HugePowerBoostsPhysicalDamage" start time: Jun 24 09:18 CST
Output:
----------------------------------------------------------
Running main() from /home/qzz/PokemonSimulator/build/_deps/googletest-src/googletest/src/gtest_main.cc
Note: Google Test filter = AbilityBehaviorTest.HugePowerBoostsPhysicalDamage
[==========] Running 1 test from 1 test suite.
[----------] Global test environment set-up.
[----------] 1 test from AbilityBehaviorTest
[ RUN      ] AbilityBehaviorTest.HugePowerBoostsPhysicalDamage
[       OK ] AbilityBehaviorTest.HugePowerBoostsPhysicalDamage (559 ms)
[----------] 1 test from AbilityBehaviorTest (559 ms total)

[----------] Global test environment tear-down
[==========] 1 test from 1 test suite ran. (559 ms total)
[  PASSED  ] 1 test.
<end of output>
Test time =   0.58 sec
----------------------------------------------------------
Test Passed.
"AbilityBehaviorTest.HugePowerBoostsPhysicalDamage" end time: Jun 24 09:18 CST
"AbilityBehaviorTest.HugePowerBoostsPhysicalDamage" time elapsed: 00:00:00
----------------------------------------------------------

37/192 Testing: AbilityBehaviorTest.ThickFatReducesFireDamage
37/192 Test: AbilityBehaviorTest.ThickFatReducesFireDamage
Command: "/home/qzz/PokemonSimulator/build/PokemonSimulatorTests" "--gtest_filter=AbilityBehaviorTest.ThickFatReducesFireDamage" "--gtest_also_run_disabled_tests"
Directory: /home/qzz/PokemonSimulator/build
"AbilityBehaviorTest.ThickFatReducesFireDamage" start time: Jun 24 09:18 CST
Output:
----------------------------------------------------------
Running main() from /home/qzz/PokemonSimulator/build/_deps/googletest-src/googletest/src/gtest_main.cc
Note: Google Test filter = AbilityBehaviorTest.ThickFatReducesFireDamage
[==========] Running 1 test from 1 test suite.
[----------] Global test environment set-up.
[----------] 1 test from AbilityBehaviorTest
[ RUN      ] AbilityBehaviorTest.ThickFatReducesFireDamage
[       OK ] AbilityBehaviorTest.ThickFatReducesFireDamage (580 ms)
[----------] 1 test from AbilityBehaviorTest (580 ms total)

[----------] Global test environment tear-down
[==========] 1 test from 1 test suite ran. (580 ms total)
[  PASSED  ] 1 test.
<end of output>
Test time =   0.60 sec
----------------------------------------------------------
Test Passed.
"AbilityBehaviorTest.ThickFatReducesFireDamage" end time: Jun 24 09:18 CST
"AbilityBehaviorTest.ThickFatReducesFireDamage" time elapsed: 00:00:00
----------------------------------------------------------

38/192 Testing: AbilityBehaviorTest.SapSipperAbsorbsGrassAndRaisesAttack
38/192 Test: AbilityBehaviorTest.SapSipperAbsorbsGrassAndRaisesAttack
Command: "/home/qzz/PokemonSimulator/build/PokemonSimulatorTests" "--gtest_filter=AbilityBehaviorTest.SapSipperAbsorbsGrassAndRaisesAttack" "--gtest_also_run_disabled_tests"
Directory: /home/qzz/PokemonSimulator/build
"AbilityBehaviorTest.SapSipperAbsorbsGrassAndRaisesAttack" start time: Jun 24 09:18 CST
Output:
----------------------------------------------------------
Running main() from /home/qzz/PokemonSimulator/build/_deps/googletest-src/googletest/src/gtest_main.cc
Note: Google Test filter = AbilityBehaviorTest.SapSipperAbsorbsGrassAndRaisesAttack
[==========] Running 1 test from 1 test suite.
[----------] Global test environment set-up.
[----------] 1 test from AbilityBehaviorTest
[ RUN      ] AbilityBehaviorTest.SapSipperAbsorbsGrassAndRaisesAttack
[       OK ] AbilityBehaviorTest.SapSipperAbsorbsGrassAndRaisesAttack (575 ms)
[----------] 1 test from AbilityBehaviorTest (575 ms total)

[----------] Global test environment tear-down
[==========] 1 test from 1 test suite ran. (575 ms total)
[  PASSED  ] 1 test.
<end of output>
Test time =   0.59 sec
----------------------------------------------------------
Test Passed.
"AbilityBehaviorTest.SapSipperAbsorbsGrassAndRaisesAttack" end time: Jun 24 09:18 CST
"AbilityBehaviorTest.SapSipperAbsorbsGrassAndRaisesAttack" time elapsed: 00:00:00
----------------------------------------------------------

39/192 Testing: AbilityBehaviorTest.TechnicianBoostsLowPowerMoves
39/192 Test: AbilityBehaviorTest.TechnicianBoostsLowPowerMoves
Command: "/home/qzz/PokemonSimulator/build/PokemonSimulatorTests" "--gtest_filter=AbilityBehaviorTest.TechnicianBoostsLowPowerMoves" "--gtest_also_run_disabled_tests"
Directory: /home/qzz/PokemonSimulator/build
"AbilityBehaviorTest.TechnicianBoostsLowPowerMoves" start time: Jun 24 09:18 CST
Output:
----------------------------------------------------------
Running main() from /home/qzz/PokemonSimulator/build/_deps/googletest-src/googletest/src/gtest_main.cc
Note: Google Test filter = AbilityBehaviorTest.TechnicianBoostsLowPowerMoves
[==========] Running 1 test from 1 test suite.
[----------] Global test environment set-up.
[----------] 1 test from AbilityBehaviorTest
[ RUN      ] AbilityBehaviorTest.TechnicianBoostsLowPowerMoves
[       OK ] AbilityBehaviorTest.TechnicianBoostsLowPowerMoves (565 ms)
[----------] 1 test from AbilityBehaviorTest (565 ms total)

[----------] Global test environment tear-down
[==========] 1 test from 1 test suite ran. (566 ms total)
[  PASSED  ] 1 test.
<end of output>
Test time =   0.59 sec
----------------------------------------------------------
Test Passed.
"AbilityBehaviorTest.TechnicianBoostsLowPowerMoves" end time: Jun 24 09:18 CST
"AbilityBehaviorTest.TechnicianBoostsLowPowerMoves" time elapsed: 00:00:00
----------------------------------------------------------

40/192 Testing: AbilityBehaviorTest.FilterReducesSuperEffectiveDamage
40/192 Test: AbilityBehaviorTest.FilterReducesSuperEffectiveDamage
Command: "/home/qzz/PokemonSimulator/build/PokemonSimulatorTests" "--gtest_filter=AbilityBehaviorTest.FilterReducesSuperEffectiveDamage" "--gtest_also_run_disabled_tests"
Directory: /home/qzz/PokemonSimulator/build
"AbilityBehaviorTest.FilterReducesSuperEffectiveDamage" start time: Jun 24 09:18 CST
Output:
----------------------------------------------------------
Running main() from /home/qzz/PokemonSimulator/build/_deps/googletest-src/googletest/src/gtest_main.cc
Note: Google Test filter = AbilityBehaviorTest.FilterReducesSuperEffectiveDamage
[==========] Running 1 test from 1 test suite.
[----------] Global test environment set-up.
[----------] 1 test from AbilityBehaviorTest
[ RUN      ] AbilityBehaviorTest.FilterReducesSuperEffectiveDamage
[       OK ] AbilityBehaviorTest.FilterReducesSuperEffectiveDamage (556 ms)
[----------] 1 test from AbilityBehaviorTest (557 ms total)

[----------] Global test environment tear-down
[==========] 1 test from 1 test suite ran. (557 ms total)
[  PASSED  ] 1 test.
<end of output>
Test time =   0.57 sec
----------------------------------------------------------
Test Passed.
"AbilityBehaviorTest.FilterReducesSuperEffectiveDamage" end time: Jun 24 09:18 CST
"AbilityBehaviorTest.FilterReducesSuperEffectiveDamage" time elapsed: 00:00:00
----------------------------------------------------------

41/192 Testing: AbilityBehaviorTest.SolidRockReducesSuperEffectiveDamage
41/192 Test: AbilityBehaviorTest.SolidRockReducesSuperEffectiveDamage
Command: "/home/qzz/PokemonSimulator/build/PokemonSimulatorTests" "--gtest_filter=AbilityBehaviorTest.SolidRockReducesSuperEffectiveDamage" "--gtest_also_run_disabled_tests"
Directory: /home/qzz/PokemonSimulator/build
"AbilityBehaviorTest.SolidRockReducesSuperEffectiveDamage" start time: Jun 24 09:18 CST
Output:
----------------------------------------------------------
Running main() from /home/qzz/PokemonSimulator/build/_deps/googletest-src/googletest/src/gtest_main.cc
Note: Google Test filter = AbilityBehaviorTest.SolidRockReducesSuperEffectiveDamage
[==========] Running 1 test from 1 test suite.
[----------] Global test environment set-up.
[----------] 1 test from AbilityBehaviorTest
[ RUN      ] AbilityBehaviorTest.SolidRockReducesSuperEffectiveDamage
[       OK ] AbilityBehaviorTest.SolidRockReducesSuperEffectiveDamage (572 ms)
[----------] 1 test from AbilityBehaviorTest (572 ms total)

[----------] Global test environment tear-down
[==========] 1 test from 1 test suite ran. (572 ms total)
[  PASSED  ] 1 test.
<end of output>
Test time =   0.59 sec
----------------------------------------------------------
Test Passed.
"AbilityBehaviorTest.SolidRockReducesSuperEffectiveDamage" end time: Jun 24 09:18 CST
"AbilityBehaviorTest.SolidRockReducesSuperEffectiveDamage" time elapsed: 00:00:00
----------------------------------------------------------

42/192 Testing: AbilityBehaviorTest.MoxieRaisesAttackAfterKnockout
42/192 Test: AbilityBehaviorTest.MoxieRaisesAttackAfterKnockout
Command: "/home/qzz/PokemonSimulator/build/PokemonSimulatorTests" "--gtest_filter=AbilityBehaviorTest.MoxieRaisesAttackAfterKnockout" "--gtest_also_run_disabled_tests"
Directory: /home/qzz/PokemonSimulator/build
"AbilityBehaviorTest.MoxieRaisesAttackAfterKnockout" start time: Jun 24 09:18 CST
Output:
----------------------------------------------------------
Running main() from /home/qzz/PokemonSimulator/build/_deps/googletest-src/googletest/src/gtest_main.cc
Note: Google Test filter = AbilityBehaviorTest.MoxieRaisesAttackAfterKnockout
[==========] Running 1 test from 1 test suite.
[----------] Global test environment set-up.
[----------] 1 test from AbilityBehaviorTest
[ RUN      ] AbilityBehaviorTest.MoxieRaisesAttackAfterKnockout
[       OK ] AbilityBehaviorTest.MoxieRaisesAttackAfterKnockout (652 ms)
[----------] 1 test from AbilityBehaviorTest (652 ms total)

[----------] Global test environment tear-down
[==========] 1 test from 1 test suite ran. (652 ms total)
[  PASSED  ] 1 test.
<end of output>
Test time =   0.67 sec
----------------------------------------------------------
Test Passed.
"AbilityBehaviorTest.MoxieRaisesAttackAfterKnockout" end time: Jun 24 09:18 CST
"AbilityBehaviorTest.MoxieRaisesAttackAfterKnockout" time elapsed: 00:00:00
----------------------------------------------------------

43/192 Testing: AbilityBehaviorTest.InnerFocusBlocksFlinch
43/192 Test: AbilityBehaviorTest.InnerFocusBlocksFlinch
Command: "/home/qzz/PokemonSimulator/build/PokemonSimulatorTests" "--gtest_filter=AbilityBehaviorTest.InnerFocusBlocksFlinch" "--gtest_also_run_disabled_tests"
Directory: /home/qzz/PokemonSimulator/build
"AbilityBehaviorTest.InnerFocusBlocksFlinch" start time: Jun 24 09:18 CST
Output:
----------------------------------------------------------
Running main() from /home/qzz/PokemonSimulator/build/_deps/googletest-src/googletest/src/gtest_main.cc
Note: Google Test filter = AbilityBehaviorTest.InnerFocusBlocksFlinch
[==========] Running 1 test from 1 test suite.
[----------] Global test environment set-up.
[----------] 1 test from AbilityBehaviorTest
[ RUN      ] AbilityBehaviorTest.InnerFocusBlocksFlinch
[       OK ] AbilityBehaviorTest.InnerFocusBlocksFlinch (639 ms)
[----------] 1 test from AbilityBehaviorTest (639 ms total)

[----------] Global test environment tear-down
[==========] 1 test from 1 test suite ran. (639 ms total)
[  PASSED  ] 1 test.
<end of output>
Test time =   0.66 sec
----------------------------------------------------------
Test Passed.
"AbilityBehaviorTest.InnerFocusBlocksFlinch" end time: Jun 24 09:18 CST
"AbilityBehaviorTest.InnerFocusBlocksFlinch" time elapsed: 00:00:00
----------------------------------------------------------

44/192 Testing: AbilityBehaviorTest.RegeneratorHealsOnSwitchOut
44/192 Test: AbilityBehaviorTest.RegeneratorHealsOnSwitchOut
Command: "/home/qzz/PokemonSimulator/build/PokemonSimulatorTests" "--gtest_filter=AbilityBehaviorTest.RegeneratorHealsOnSwitchOut" "--gtest_also_run_disabled_tests"
Directory: /home/qzz/PokemonSimulator/build
"AbilityBehaviorTest.RegeneratorHealsOnSwitchOut" start time: Jun 24 09:18 CST
Output:
----------------------------------------------------------
Running main() from /home/qzz/PokemonSimulator/build/_deps/googletest-src/googletest/src/gtest_main.cc
Note: Google Test filter = AbilityBehaviorTest.RegeneratorHealsOnSwitchOut
[==========] Running 1 test from 1 test suite.
[----------] Global test environment set-up.
[----------] 1 test from AbilityBehaviorTest
[ RUN      ] AbilityBehaviorTest.RegeneratorHealsOnSwitchOut
[       OK ] AbilityBehaviorTest.RegeneratorHealsOnSwitchOut (678 ms)
[----------] 1 test from AbilityBehaviorTest (678 ms total)

[----------] Global test environment tear-down
[==========] 1 test from 1 test suite ran. (678 ms total)
[  PASSED  ] 1 test.
<end of output>
Test time =   0.70 sec
----------------------------------------------------------
Test Passed.
"AbilityBehaviorTest.RegeneratorHealsOnSwitchOut" end time: Jun 24 09:18 CST
"AbilityBehaviorTest.RegeneratorHealsOnSwitchOut" time elapsed: 00:00:00
----------------------------------------------------------

45/192 Testing: AbilityBehaviorTest.NaturalCureClearsStatusOnSwitchOut
45/192 Test: AbilityBehaviorTest.NaturalCureClearsStatusOnSwitchOut
Command: "/home/qzz/PokemonSimulator/build/PokemonSimulatorTests" "--gtest_filter=AbilityBehaviorTest.NaturalCureClearsStatusOnSwitchOut" "--gtest_also_run_disabled_tests"
Directory: /home/qzz/PokemonSimulator/build
"AbilityBehaviorTest.NaturalCureClearsStatusOnSwitchOut" start time: Jun 24 09:18 CST
Output:
----------------------------------------------------------
Running main() from /home/qzz/PokemonSimulator/build/_deps/googletest-src/googletest/src/gtest_main.cc
Note: Google Test filter = AbilityBehaviorTest.NaturalCureClearsStatusOnSwitchOut
[==========] Running 1 test from 1 test suite.
[----------] Global test environment set-up.
[----------] 1 test from AbilityBehaviorTest
[ RUN      ] AbilityBehaviorTest.NaturalCureClearsStatusOnSwitchOut
[       OK ] AbilityBehaviorTest.NaturalCureClearsStatusOnSwitchOut (576 ms)
[----------] 1 test from AbilityBehaviorTest (576 ms total)

[----------] Global test environment tear-down
[==========] 1 test from 1 test suite ran. (576 ms total)
[  PASSED  ] 1 test.
<end of output>
Test time =   0.59 sec
----------------------------------------------------------
Test Passed.
"AbilityBehaviorTest.NaturalCureClearsStatusOnSwitchOut" end time: Jun 24 09:18 CST
"AbilityBehaviorTest.NaturalCureClearsStatusOnSwitchOut" time elapsed: 00:00:00
----------------------------------------------------------

46/192 Testing: AbilityBehaviorTest.MagicGuardPreventsWeatherChipDamage
46/192 Test: AbilityBehaviorTest.MagicGuardPreventsWeatherChipDamage
Command: "/home/qzz/PokemonSimulator/build/PokemonSimulatorTests" "--gtest_filter=AbilityBehaviorTest.MagicGuardPreventsWeatherChipDamage" "--gtest_also_run_disabled_tests"
Directory: /home/qzz/PokemonSimulator/build
"AbilityBehaviorTest.MagicGuardPreventsWeatherChipDamage" start time: Jun 24 09:18 CST
Output:
----------------------------------------------------------
Running main() from /home/qzz/PokemonSimulator/build/_deps/googletest-src/googletest/src/gtest_main.cc
Note: Google Test filter = AbilityBehaviorTest.MagicGuardPreventsWeatherChipDamage
[==========] Running 1 test from 1 test suite.
[----------] Global test environment set-up.
[----------] 1 test from AbilityBehaviorTest
[ RUN      ] AbilityBehaviorTest.MagicGuardPreventsWeatherChipDamage
[       OK ] AbilityBehaviorTest.MagicGuardPreventsWeatherChipDamage (634 ms)
[----------] 1 test from AbilityBehaviorTest (634 ms total)

[----------] Global test environment tear-down
[==========] 1 test from 1 test suite ran. (634 ms total)
[  PASSED  ] 1 test.
<end of output>
Test time =   0.66 sec
----------------------------------------------------------
Test Passed.
"AbilityBehaviorTest.MagicGuardPreventsWeatherChipDamage" end time: Jun 24 09:18 CST
"AbilityBehaviorTest.MagicGuardPreventsWeatherChipDamage" time elapsed: 00:00:00
----------------------------------------------------------

47/192 Testing: AbilityBehaviorTest.UnawareDefenderIgnoresAttackerBoosts
47/192 Test: AbilityBehaviorTest.UnawareDefenderIgnoresAttackerBoosts
Command: "/home/qzz/PokemonSimulator/build/PokemonSimulatorTests" "--gtest_filter=AbilityBehaviorTest.UnawareDefenderIgnoresAttackerBoosts" "--gtest_also_run_disabled_tests"
Directory: /home/qzz/PokemonSimulator/build
"AbilityBehaviorTest.UnawareDefenderIgnoresAttackerBoosts" start time: Jun 24 09:18 CST
Output:
----------------------------------------------------------
Running main() from /home/qzz/PokemonSimulator/build/_deps/googletest-src/googletest/src/gtest_main.cc
Note: Google Test filter = AbilityBehaviorTest.UnawareDefenderIgnoresAttackerBoosts
[==========] Running 1 test from 1 test suite.
[----------] Global test environment set-up.
[----------] 1 test from AbilityBehaviorTest
[ RUN      ] AbilityBehaviorTest.UnawareDefenderIgnoresAttackerBoosts
[       OK ] AbilityBehaviorTest.UnawareDefenderIgnoresAttackerBoosts (742 ms)
[----------] 1 test from AbilityBehaviorTest (742 ms total)

[----------] Global test environment tear-down
[==========] 1 test from 1 test suite ran. (742 ms total)
[  PASSED  ] 1 test.
<end of output>
Test time =   0.76 sec
----------------------------------------------------------
Test Passed.
"AbilityBehaviorTest.UnawareDefenderIgnoresAttackerBoosts" end time: Jun 24 09:18 CST
"AbilityBehaviorTest.UnawareDefenderIgnoresAttackerBoosts" time elapsed: 00:00:00
----------------------------------------------------------

48/192 Testing: AbilityBehaviorTest.UnawareAttackerIgnoresDefenderBoosts
48/192 Test: AbilityBehaviorTest.UnawareAttackerIgnoresDefenderBoosts
Command: "/home/qzz/PokemonSimulator/build/PokemonSimulatorTests" "--gtest_filter=AbilityBehaviorTest.UnawareAttackerIgnoresDefenderBoosts" "--gtest_also_run_disabled_tests"
Directory: /home/qzz/PokemonSimulator/build
"AbilityBehaviorTest.UnawareAttackerIgnoresDefenderBoosts" start time: Jun 24 09:18 CST
Output:
----------------------------------------------------------
Running main() from /home/qzz/PokemonSimulator/build/_deps/googletest-src/googletest/src/gtest_main.cc
Note: Google Test filter = AbilityBehaviorTest.UnawareAttackerIgnoresDefenderBoosts
[==========] Running 1 test from 1 test suite.
[----------] Global test environment set-up.
[----------] 1 test from AbilityBehaviorTest
[ RUN      ] AbilityBehaviorTest.UnawareAttackerIgnoresDefenderBoosts
[       OK ] AbilityBehaviorTest.UnawareAttackerIgnoresDefenderBoosts (625 ms)
[----------] 1 test from AbilityBehaviorTest (626 ms total)

[----------] Global test environment tear-down
[==========] 1 test from 1 test suite ran. (626 ms total)
[  PASSED  ] 1 test.
<end of output>
Test time =   0.64 sec
----------------------------------------------------------
Test Passed.
"AbilityBehaviorTest.UnawareAttackerIgnoresDefenderBoosts" end time: Jun 24 09:18 CST
"AbilityBehaviorTest.UnawareAttackerIgnoresDefenderBoosts" time elapsed: 00:00:00
----------------------------------------------------------

49/192 Testing: AbilityBehaviorTest.PranksterGivesPriorityToStatusMoves
49/192 Test: AbilityBehaviorTest.PranksterGivesPriorityToStatusMoves
Command: "/home/qzz/PokemonSimulator/build/PokemonSimulatorTests" "--gtest_filter=AbilityBehaviorTest.PranksterGivesPriorityToStatusMoves" "--gtest_also_run_disabled_tests"
Directory: /home/qzz/PokemonSimulator/build
"AbilityBehaviorTest.PranksterGivesPriorityToStatusMoves" start time: Jun 24 09:18 CST
Output:
----------------------------------------------------------
Running main() from /home/qzz/PokemonSimulator/build/_deps/googletest-src/googletest/src/gtest_main.cc
Note: Google Test filter = AbilityBehaviorTest.PranksterGivesPriorityToStatusMoves
[==========] Running 1 test from 1 test suite.
[----------] Global test environment set-up.
[----------] 1 test from AbilityBehaviorTest
[ RUN      ] AbilityBehaviorTest.PranksterGivesPriorityToStatusMoves
[       OK ] AbilityBehaviorTest.PranksterGivesPriorityToStatusMoves (648 ms)
[----------] 1 test from AbilityBehaviorTest (648 ms total)

[----------] Global test environment tear-down
[==========] 1 test from 1 test suite ran. (648 ms total)
[  PASSED  ] 1 test.
<end of output>
Test time =   0.67 sec
----------------------------------------------------------
Test Passed.
"AbilityBehaviorTest.PranksterGivesPriorityToStatusMoves" end time: Jun 24 09:18 CST
"AbilityBehaviorTest.PranksterGivesPriorityToStatusMoves" time elapsed: 00:00:00
----------------------------------------------------------

50/192 Testing: AbilityBehaviorTest.ClearBodyBlocksIntimidateAttackDrop
50/192 Test: AbilityBehaviorTest.ClearBodyBlocksIntimidateAttackDrop
Command: "/home/qzz/PokemonSimulator/build/PokemonSimulatorTests" "--gtest_filter=AbilityBehaviorTest.ClearBodyBlocksIntimidateAttackDrop" "--gtest_also_run_disabled_tests"
Directory: /home/qzz/PokemonSimulator/build
"AbilityBehaviorTest.ClearBodyBlocksIntimidateAttackDrop" start time: Jun 24 09:18 CST
Output:
----------------------------------------------------------
Running main() from /home/qzz/PokemonSimulator/build/_deps/googletest-src/googletest/src/gtest_main.cc
Note: Google Test filter = AbilityBehaviorTest.ClearBodyBlocksIntimidateAttackDrop
[==========] Running 1 test from 1 test suite.
[----------] Global test environment set-up.
[----------] 1 test from AbilityBehaviorTest
[ RUN      ] AbilityBehaviorTest.ClearBodyBlocksIntimidateAttackDrop
[       OK ] AbilityBehaviorTest.ClearBodyBlocksIntimidateAttackDrop (567 ms)
[----------] 1 test from AbilityBehaviorTest (567 ms total)

[----------] Global test environment tear-down
[==========] 1 test from 1 test suite ran. (567 ms total)
[  PASSED  ] 1 test.
<end of output>
Test time =   0.58 sec
----------------------------------------------------------
Test Passed.
"AbilityBehaviorTest.ClearBodyBlocksIntimidateAttackDrop" end time: Jun 24 09:18 CST
"AbilityBehaviorTest.ClearBodyBlocksIntimidateAttackDrop" time elapsed: 00:00:00
----------------------------------------------------------

51/192 Testing: AbilityBehaviorTest.DefiantTriggersOnIntimidate
51/192 Test: AbilityBehaviorTest.DefiantTriggersOnIntimidate
Command: "/home/qzz/PokemonSimulator/build/PokemonSimulatorTests" "--gtest_filter=AbilityBehaviorTest.DefiantTriggersOnIntimidate" "--gtest_also_run_disabled_tests"
Directory: /home/qzz/PokemonSimulator/build
"AbilityBehaviorTest.DefiantTriggersOnIntimidate" start time: Jun 24 09:18 CST
Output:
----------------------------------------------------------
Running main() from /home/qzz/PokemonSimulator/build/_deps/googletest-src/googletest/src/gtest_main.cc
Note: Google Test filter = AbilityBehaviorTest.DefiantTriggersOnIntimidate
[==========] Running 1 test from 1 test suite.
[----------] Global test environment set-up.
[----------] 1 test from AbilityBehaviorTest
[ RUN      ] AbilityBehaviorTest.DefiantTriggersOnIntimidate
[       OK ] AbilityBehaviorTest.DefiantTriggersOnIntimidate (598 ms)
[----------] 1 test from AbilityBehaviorTest (598 ms total)

[----------] Global test environment tear-down
[==========] 1 test from 1 test suite ran. (598 ms total)
[  PASSED  ] 1 test.
<end of output>
Test time =   0.62 sec
----------------------------------------------------------
Test Passed.
"AbilityBehaviorTest.DefiantTriggersOnIntimidate" end time: Jun 24 09:18 CST
"AbilityBehaviorTest.DefiantTriggersOnIntimidate" time elapsed: 00:00:00
----------------------------------------------------------

52/192 Testing: AbilityBehaviorTest.CompetitiveTriggersOnIntimidate
52/192 Test: AbilityBehaviorTest.CompetitiveTriggersOnIntimidate
Command: "/home/qzz/PokemonSimulator/build/PokemonSimulatorTests" "--gtest_filter=AbilityBehaviorTest.CompetitiveTriggersOnIntimidate" "--gtest_also_run_disabled_tests"
Directory: /home/qzz/PokemonSimulator/build
"AbilityBehaviorTest.CompetitiveTriggersOnIntimidate" start time: Jun 24 09:18 CST
Output:
----------------------------------------------------------
Running main() from /home/qzz/PokemonSimulator/build/_deps/googletest-src/googletest/src/gtest_main.cc
Note: Google Test filter = AbilityBehaviorTest.CompetitiveTriggersOnIntimidate
[==========] Running 1 test from 1 test suite.
[----------] Global test environment set-up.
[----------] 1 test from AbilityBehaviorTest
[ RUN      ] AbilityBehaviorTest.CompetitiveTriggersOnIntimidate
[       OK ] AbilityBehaviorTest.CompetitiveTriggersOnIntimidate (683 ms)
[----------] 1 test from AbilityBehaviorTest (683 ms total)

[----------] Global test environment tear-down
[==========] 1 test from 1 test suite ran. (683 ms total)
[  PASSED  ] 1 test.
<end of output>
Test time =   0.70 sec
----------------------------------------------------------
Test Passed.
"AbilityBehaviorTest.CompetitiveTriggersOnIntimidate" end time: Jun 24 09:18 CST
"AbilityBehaviorTest.CompetitiveTriggersOnIntimidate" time elapsed: 00:00:00
----------------------------------------------------------

53/192 Testing: AbilityBehaviorTest.WhiteSmokeBlocksIntimidateAttackDrop
53/192 Test: AbilityBehaviorTest.WhiteSmokeBlocksIntimidateAttackDrop
Command: "/home/qzz/PokemonSimulator/build/PokemonSimulatorTests" "--gtest_filter=AbilityBehaviorTest.WhiteSmokeBlocksIntimidateAttackDrop" "--gtest_also_run_disabled_tests"
Directory: /home/qzz/PokemonSimulator/build
"AbilityBehaviorTest.WhiteSmokeBlocksIntimidateAttackDrop" start time: Jun 24 09:18 CST
Output:
----------------------------------------------------------
Running main() from /home/qzz/PokemonSimulator/build/_deps/googletest-src/googletest/src/gtest_main.cc
Note: Google Test filter = AbilityBehaviorTest.WhiteSmokeBlocksIntimidateAttackDrop
[==========] Running 1 test from 1 test suite.
[----------] Global test environment set-up.
[----------] 1 test from AbilityBehaviorTest
[ RUN      ] AbilityBehaviorTest.WhiteSmokeBlocksIntimidateAttackDrop
[       OK ] AbilityBehaviorTest.WhiteSmokeBlocksIntimidateAttackDrop (598 ms)
[----------] 1 test from AbilityBehaviorTest (598 ms total)

[----------] Global test environment tear-down
[==========] 1 test from 1 test suite ran. (598 ms total)
[  PASSED  ] 1 test.
<end of output>
Test time =   0.62 sec
----------------------------------------------------------
Test Passed.
"AbilityBehaviorTest.WhiteSmokeBlocksIntimidateAttackDrop" end time: Jun 24 09:18 CST
"AbilityBehaviorTest.WhiteSmokeBlocksIntimidateAttackDrop" time elapsed: 00:00:00
----------------------------------------------------------

54/192 Testing: AbilityBehaviorTest.HyperCutterBlocksIntimidateAttackDrop
54/192 Test: AbilityBehaviorTest.HyperCutterBlocksIntimidateAttackDrop
Command: "/home/qzz/PokemonSimulator/build/PokemonSimulatorTests" "--gtest_filter=AbilityBehaviorTest.HyperCutterBlocksIntimidateAttackDrop" "--gtest_also_run_disabled_tests"
Directory: /home/qzz/PokemonSimulator/build
"AbilityBehaviorTest.HyperCutterBlocksIntimidateAttackDrop" start time: Jun 24 09:18 CST
Output:
----------------------------------------------------------
Running main() from /home/qzz/PokemonSimulator/build/_deps/googletest-src/googletest/src/gtest_main.cc
Note: Google Test filter = AbilityBehaviorTest.HyperCutterBlocksIntimidateAttackDrop
[==========] Running 1 test from 1 test suite.
[----------] Global test environment set-up.
[----------] 1 test from AbilityBehaviorTest
[ RUN      ] AbilityBehaviorTest.HyperCutterBlocksIntimidateAttackDrop
[       OK ] AbilityBehaviorTest.HyperCutterBlocksIntimidateAttackDrop (588 ms)
[----------] 1 test from AbilityBehaviorTest (588 ms total)

[----------] Global test environment tear-down
[==========] 1 test from 1 test suite ran. (588 ms total)
[  PASSED  ] 1 test.
<end of output>
Test time =   0.61 sec
----------------------------------------------------------
Test Passed.
"AbilityBehaviorTest.HyperCutterBlocksIntimidateAttackDrop" end time: Jun 24 09:18 CST
"AbilityBehaviorTest.HyperCutterBlocksIntimidateAttackDrop" time elapsed: 00:00:00
----------------------------------------------------------

55/192 Testing: AbilityBehaviorTest.MirrorArmorReflectsIntimidateAttackDrop
55/192 Test: AbilityBehaviorTest.MirrorArmorReflectsIntimidateAttackDrop
Command: "/home/qzz/PokemonSimulator/build/PokemonSimulatorTests" "--gtest_filter=AbilityBehaviorTest.MirrorArmorReflectsIntimidateAttackDrop" "--gtest_also_run_disabled_tests"
Directory: /home/qzz/PokemonSimulator/build
"AbilityBehaviorTest.MirrorArmorReflectsIntimidateAttackDrop" start time: Jun 24 09:18 CST
Output:
----------------------------------------------------------
Running main() from /home/qzz/PokemonSimulator/build/_deps/googletest-src/googletest/src/gtest_main.cc
Note: Google Test filter = AbilityBehaviorTest.MirrorArmorReflectsIntimidateAttackDrop
[==========] Running 1 test from 1 test suite.
[----------] Global test environment set-up.
[...]
[==========] Running 1 test from 1 test suite.
[----------] Global test environment set-up.
[----------] 1 test from BattleEventTest
[ RUN      ] BattleEventTest.ActionHooksEmitBeforeAndAfterResolve
[       OK ] BattleEventTest.ActionHooksEmitBeforeAndAfterResolve (588 ms)
[----------] 1 test from BattleEventTest (588 ms total)

[----------] Global test environment tear-down
[==========] 1 test from 1 test suite ran. (588 ms total)
[  PASSED  ] 1 test.
<end of output>
Test time =   0.61 sec
----------------------------------------------------------
Test Passed.
"BattleEventTest.ActionHooksEmitBeforeAndAfterResolve" end time: Jun 24 09:20 CST
"BattleEventTest.ActionHooksEmitBeforeAndAfterResolve" time elapsed: 00:00:00
----------------------------------------------------------

181/192 Testing: BattleSessionTest.RejectsDuplicateActionFromSameSideInSingles
181/192 Test: BattleSessionTest.RejectsDuplicateActionFromSameSideInSingles
Command: "/home/qzz/PokemonSimulator/build/PokemonSimulatorTests" "--gtest_filter=BattleSessionTest.RejectsDuplicateActionFromSameSideInSingles" "--gtest_also_run_disabled_tests"
Directory: /home/qzz/PokemonSimulator/build
"BattleSessionTest.RejectsDuplicateActionFromSameSideInSingles" start time: Jun 24 09:20 CST
Output:
----------------------------------------------------------
Running main() from /home/qzz/PokemonSimulator/build/_deps/googletest-src/googletest/src/gtest_main.cc
Note: Google Test filter = BattleSessionTest.RejectsDuplicateActionFromSameSideInSingles
[==========] Running 1 test from 1 test suite.
[----------] Global test environment set-up.
[----------] 1 test from BattleSessionTest
[ RUN      ] BattleSessionTest.RejectsDuplicateActionFromSameSideInSingles
[       OK ] BattleSessionTest.RejectsDuplicateActionFromSameSideInSingles (675 ms)
[----------] 1 test from BattleSessionTest (675 ms total)

[----------] Global test environment tear-down
[==========] 1 test from 1 test suite ran. (675 ms total)
[  PASSED  ] 1 test.
<end of output>
Test time =   0.69 sec
----------------------------------------------------------
Test Passed.
"BattleSessionTest.RejectsDuplicateActionFromSameSideInSingles" end time: Jun 24 09:20 CST
"BattleSessionTest.RejectsDuplicateActionFromSameSideInSingles" time elapsed: 00:00:00
----------------------------------------------------------

182/192 Testing: BattleSessionTest.RejectsAttackWithBothMoveIndexAndMoveName
182/192 Test: BattleSessionTest.RejectsAttackWithBothMoveIndexAndMoveName
Command: "/home/qzz/PokemonSimulator/build/PokemonSimulatorTests" "--gtest_filter=BattleSessionTest.RejectsAttackWithBothMoveIndexAndMoveName" "--gtest_also_run_disabled_tests"
Directory: /home/qzz/PokemonSimulator/build
"BattleSessionTest.RejectsAttackWithBothMoveIndexAndMoveName" start time: Jun 24 09:20 CST
Output:
----------------------------------------------------------
Running main() from /home/qzz/PokemonSimulator/build/_deps/googletest-src/googletest/src/gtest_main.cc
Note: Google Test filter = BattleSessionTest.RejectsAttackWithBothMoveIndexAndMoveName
[==========] Running 1 test from 1 test suite.
[----------] Global test environment set-up.
[----------] 1 test from BattleSessionTest
[ RUN      ] BattleSessionTest.RejectsAttackWithBothMoveIndexAndMoveName
[       OK ] BattleSessionTest.RejectsAttackWithBothMoveIndexAndMoveName (662 ms)
[----------] 1 test from BattleSessionTest (662 ms total)

[----------] Global test environment tear-down
[==========] 1 test from 1 test suite ran. (662 ms total)
[  PASSED  ] 1 test.
<end of output>
Test time =   0.68 sec
----------------------------------------------------------
Test Passed.
"BattleSessionTest.RejectsAttackWithBothMoveIndexAndMoveName" end time: Jun 24 09:20 CST
"BattleSessionTest.RejectsAttackWithBothMoveIndexAndMoveName" time elapsed: 00:00:00
----------------------------------------------------------

183/192 Testing: BattleSessionTest.RejectsBenchActorForAttackInSinglesMode
183/192 Test: BattleSessionTest.RejectsBenchActorForAttackInSinglesMode
Command: "/home/qzz/PokemonSimulator/build/PokemonSimulatorTests" "--gtest_filter=BattleSessionTest.RejectsBenchActorForAttackInSinglesMode" "--gtest_also_run_disabled_tests"
Directory: /home/qzz/PokemonSimulator/build
"BattleSessionTest.RejectsBenchActorForAttackInSinglesMode" start time: Jun 24 09:20 CST
Output:
----------------------------------------------------------
Running main() from /home/qzz/PokemonSimulator/build/_deps/googletest-src/googletest/src/gtest_main.cc
Note: Google Test filter = BattleSessionTest.RejectsBenchActorForAttackInSinglesMode
[==========] Running 1 test from 1 test suite.
[----------] Global test environment set-up.
[----------] 1 test from BattleSessionTest
[ RUN      ] BattleSessionTest.RejectsBenchActorForAttackInSinglesMode
[       OK ] BattleSessionTest.RejectsBenchActorForAttackInSinglesMode (740 ms)
[----------] 1 test from BattleSessionTest (740 ms total)

[----------] Global test environment tear-down
[==========] 1 test from 1 test suite ran. (740 ms total)
[  PASSED  ] 1 test.
<end of output>
Test time =   0.76 sec
----------------------------------------------------------
Test Passed.
"BattleSessionTest.RejectsBenchActorForAttackInSinglesMode" end time: Jun 24 09:20 CST
"BattleSessionTest.RejectsBenchActorForAttackInSinglesMode" time elapsed: 00:00:00
----------------------------------------------------------

184/192 Testing: BattleSessionTest.AcceptsTargetIndexAliasForSwitchAction
184/192 Test: BattleSessionTest.AcceptsTargetIndexAliasForSwitchAction
Command: "/home/qzz/PokemonSimulator/build/PokemonSimulatorTests" "--gtest_filter=BattleSessionTest.AcceptsTargetIndexAliasForSwitchAction" "--gtest_also_run_disabled_tests"
Directory: /home/qzz/PokemonSimulator/build
"BattleSessionTest.AcceptsTargetIndexAliasForSwitchAction" start time: Jun 24 09:20 CST
Output:
----------------------------------------------------------
Running main() from /home/qzz/PokemonSimulator/build/_deps/googletest-src/googletest/src/gtest_main.cc
Note: Google Test filter = BattleSessionTest.AcceptsTargetIndexAliasForSwitchAction
[==========] Running 1 test from 1 test suite.
[----------] Global test environment set-up.
[----------] 1 test from BattleSessionTest
[ RUN      ] BattleSessionTest.AcceptsTargetIndexAliasForSwitchAction
[       OK ] BattleSessionTest.AcceptsTargetIndexAliasForSwitchAction (778 ms)
[----------] 1 test from BattleSessionTest (778 ms total)

[----------] Global test environment tear-down
[==========] 1 test from 1 test suite ran. (778 ms total)
[  PASSED  ] 1 test.
<end of output>
Test time =   0.79 sec
----------------------------------------------------------
Test Passed.
"BattleSessionTest.AcceptsTargetIndexAliasForSwitchAction" end time: Jun 24 09:20 CST
"BattleSessionTest.AcceptsTargetIndexAliasForSwitchAction" time elapsed: 00:00:00
----------------------------------------------------------

185/192 Testing: BattleSessionTest.SeededSessionsProduceIdenticalRngDependentResults
185/192 Test: BattleSessionTest.SeededSessionsProduceIdenticalRngDependentResults
Command: "/home/qzz/PokemonSimulator/build/PokemonSimulatorTests" "--gtest_filter=BattleSessionTest.SeededSessionsProduceIdenticalRngDependentResults" "--gtest_also_run_disabled_tests"
Directory: /home/qzz/PokemonSimulator/build
"BattleSessionTest.SeededSessionsProduceIdenticalRngDependentResults" start time: Jun 24 09:20 CST
Output:
----------------------------------------------------------
Running main() from /home/qzz/PokemonSimulator/build/_deps/googletest-src/googletest/src/gtest_main.cc
Note: Google Test filter = BattleSessionTest.SeededSessionsProduceIdenticalRngDependentResults
[==========] Running 1 test from 1 test suite.
[----------] Global test environment set-up.
[----------] 1 test from BattleSessionTest
[ RUN      ] BattleSessionTest.SeededSessionsProduceIdenticalRngDependentResults
[       OK ] BattleSessionTest.SeededSessionsProduceIdenticalRngDependentResults (970 ms)
[----------] 1 test from BattleSessionTest (970 ms total)

[----------] Global test environment tear-down
[==========] 1 test from 1 test suite ran. (970 ms total)
[  PASSED  ] 1 test.
<end of output>
Test time =   0.99 sec
----------------------------------------------------------
Test Passed.
"BattleSessionTest.SeededSessionsProduceIdenticalRngDependentResults" end time: Jun 24 09:20 CST
"BattleSessionTest.SeededSessionsProduceIdenticalRngDependentResults" time elapsed: 00:00:00
----------------------------------------------------------

186/192 Testing: BattleSessionTest.TwoMovesThenSwitchUsesRealSpecies
186/192 Test: BattleSessionTest.TwoMovesThenSwitchUsesRealSpecies
Command: "/home/qzz/PokemonSimulator/build/PokemonSimulatorTests" "--gtest_filter=BattleSessionTest.TwoMovesThenSwitchUsesRealSpecies" "--gtest_also_run_disabled_tests"
Directory: /home/qzz/PokemonSimulator/build
"BattleSessionTest.TwoMovesThenSwitchUsesRealSpecies" start time: Jun 24 09:20 CST
Output:
----------------------------------------------------------
Running main() from /home/qzz/PokemonSimulator/build/_deps/googletest-src/googletest/src/gtest_main.cc
Note: Google Test filter = BattleSessionTest.TwoMovesThenSwitchUsesRealSpecies
[==========] Running 1 test from 1 test suite.
[----------] Global test environment set-up.
[----------] 1 test from BattleSessionTest
[ RUN      ] BattleSessionTest.TwoMovesThenSwitchUsesRealSpecies
[       OK ] BattleSessionTest.TwoMovesThenSwitchUsesRealSpecies (1013 ms)
[----------] 1 test from BattleSessionTest (1013 ms total)

[----------] Global test environment tear-down
[==========] 1 test from 1 test suite ran. (1013 ms total)
[  PASSED  ] 1 test.
<end of output>
Test time =   1.03 sec
----------------------------------------------------------
Test Passed.
"BattleSessionTest.TwoMovesThenSwitchUsesRealSpecies" end time: Jun 24 09:20 CST
"BattleSessionTest.TwoMovesThenSwitchUsesRealSpecies" time elapsed: 00:00:01
----------------------------------------------------------

187/192 Testing: BattleSessionTest.LoadSpeciesFromJsonThenBuildPokemon
187/192 Test: BattleSessionTest.LoadSpeciesFromJsonThenBuildPokemon
Command: "/home/qzz/PokemonSimulator/build/PokemonSimulatorTests" "--gtest_filter=BattleSessionTest.LoadSpeciesFromJsonThenBuildPokemon" "--gtest_also_run_disabled_tests"
Directory: /home/qzz/PokemonSimulator/build
"BattleSessionTest.LoadSpeciesFromJsonThenBuildPokemon" start time: Jun 24 09:20 CST
Output:
----------------------------------------------------------
Running main() from /home/qzz/PokemonSimulator/build/_deps/googletest-src/googletest/src/gtest_main.cc
Note: Google Test filter = BattleSessionTest.LoadSpeciesFromJsonThenBuildPokemon
[==========] Running 1 test from 1 test suite.
[----------] Global test environment set-up.
[----------] 1 test from BattleSessionTest
[ RUN      ] BattleSessionTest.LoadSpeciesFromJsonThenBuildPokemon
[       OK ] BattleSessionTest.LoadSpeciesFromJsonThenBuildPokemon (60 ms)
[----------] 1 test from BattleSessionTest (61 ms total)

[----------] Global test environment tear-down
[==========] 1 test from 1 test suite ran. (61 ms total)
[  PASSED  ] 1 test.
<end of output>
Test time =   0.08 sec
----------------------------------------------------------
Test Passed.
"BattleSessionTest.LoadSpeciesFromJsonThenBuildPokemon" end time: Jun 24 09:20 CST
"BattleSessionTest.LoadSpeciesFromJsonThenBuildPokemon" time elapsed: 00:00:00
----------------------------------------------------------

188/192 Testing: BattleFlowIntegrationTest.FullBattleFlowIncludesRequestedMechanicsAndOutputs
188/192 Test: BattleFlowIntegrationTest.FullBattleFlowIncludesRequestedMechanicsAndOutputs
Command: "/home/qzz/PokemonSimulator/build/PokemonSimulatorTests" "--gtest_filter=BattleFlowIntegrationTest.FullBattleFlowIncludesRequestedMechanicsAndOutputs" "--gtest_also_run_disabled_tests"
Directory: /home/qzz/PokemonSimulator/build
"BattleFlowIntegrationTest.FullBattleFlowIncludesRequestedMechanicsAndOutputs" start time: Jun 24 09:20 CST
Output:
----------------------------------------------------------
Running main() from /home/qzz/PokemonSimulator/build/_deps/googletest-src/googletest/src/gtest_main.cc
Note: Google Test filter = BattleFlowIntegrationTest.FullBattleFlowIncludesRequestedMechanicsAndOutputs
[==========] Running 1 test from 1 test suite.
[----------] Global test environment set-up.
[----------] 1 test from BattleFlowIntegrationTest
[ RUN      ] BattleFlowIntegrationTest.FullBattleFlowIncludesRequestedMechanicsAndOutputs
[       OK ] BattleFlowIntegrationTest.FullBattleFlowIncludesRequestedMechanicsAndOutputs (13703 ms)
[----------] 1 test from BattleFlowIntegrationTest (13703 ms total)

[----------] Global test environment tear-down
[==========] 1 test from 1 test suite ran. (13703 ms total)
[  PASSED  ] 1 test.
<end of output>
Test time =  13.72 sec
----------------------------------------------------------
Test Passed.
"BattleFlowIntegrationTest.FullBattleFlowIncludesRequestedMechanicsAndOutputs" end time: Jun 24 09:20 CST
"BattleFlowIntegrationTest.FullBattleFlowIncludesRequestedMechanicsAndOutputs" time elapsed: 00:00:13
----------------------------------------------------------

189/192 Testing: BattleFlowIntegrationTest.ThreeVThreeTwoMovesThenSwitchSimulation
189/192 Test: BattleFlowIntegrationTest.ThreeVThreeTwoMovesThenSwitchSimulation
Command: "/home/qzz/PokemonSimulator/build/PokemonSimulatorTests" "--gtest_filter=BattleFlowIntegrationTest.ThreeVThreeTwoMovesThenSwitchSimulation" "--gtest_also_run_disabled_tests"
Directory: /home/qzz/PokemonSimulator/build
"BattleFlowIntegrationTest.ThreeVThreeTwoMovesThenSwitchSimulation" start time: Jun 24 09:20 CST
Output:
----------------------------------------------------------
Running main() from /home/qzz/PokemonSimulator/build/_deps/googletest-src/googletest/src/gtest_main.cc
Note: Google Test filter = BattleFlowIntegrationTest.ThreeVThreeTwoMovesThenSwitchSimulation
[==========] Running 1 test from 1 test suite.
[----------] Global test environment set-up.
[----------] 1 test from BattleFlowIntegrationTest
[ RUN      ] BattleFlowIntegrationTest.ThreeVThreeTwoMovesThenSwitchSimulation
[       OK ] BattleFlowIntegrationTest.ThreeVThreeTwoMovesThenSwitchSimulation (1111 ms)
[----------] 1 test from BattleFlowIntegrationTest (1111 ms total)

[----------] Global test environment tear-down
[==========] 1 test from 1 test suite ran. (1112 ms total)
[  PASSED  ] 1 test.
<end of output>
Test time =   1.13 sec
----------------------------------------------------------
Test Passed.
"BattleFlowIntegrationTest.ThreeVThreeTwoMovesThenSwitchSimulation" end time: Jun 24 09:20 CST
"BattleFlowIntegrationTest.ThreeVThreeTwoMovesThenSwitchSimulation" time elapsed: 00:00:01
----------------------------------------------------------

190/192 Testing: BattleFlowIntegrationTest.FullBattleWithStatusMovesSwitchAndAbilities
190/192 Test: BattleFlowIntegrationTest.FullBattleWithStatusMovesSwitchAndAbilities
Command: "/home/qzz/PokemonSimulator/build/PokemonSimulatorTests" "--gtest_filter=BattleFlowIntegrationTest.FullBattleWithStatusMovesSwitchAndAbilities" "--gtest_also_run_disabled_tests"
Directory: /home/qzz/PokemonSimulator/build
"BattleFlowIntegrationTest.FullBattleWithStatusMovesSwitchAndAbilities" start time: Jun 24 09:20 CST
Output:
----------------------------------------------------------
Running main() from /home/qzz/PokemonSimulator/build/_deps/googletest-src/googletest/src/gtest_main.cc
Note: Google Test filter = BattleFlowIntegrationTest.FullBattleWithStatusMovesSwitchAndAbilities
[==========] Running 1 test from 1 test suite.
[----------] Global test environment set-up.
[----------] 1 test from BattleFlowIntegrationTest
[ RUN      ] BattleFlowIntegrationTest.FullBattleWithStatusMovesSwitchAndAbilities
/home/qzz/PokemonSimulator/tests/battle_data_test.cpp:6071: Failure
Expected equality of these values:
  b->getStatStage(StatIndex::Attack)
    Which is: 0
  -1

/home/qzz/PokemonSimulator/tests/battle_data_test.cpp:6090: Failure
Expected: (a->getCurrentHP()) > (hpBefore), actual: 185 vs 185

/home/qzz/PokemonSimulator/tests/battle_data_test.cpp:6099: Failure
Expected: (b->getCurrentHP()) < (hpBefore), actual: 190 vs 190

/home/qzz/PokemonSimulator/tests/battle_data_test.cpp:6111: Failure
Expected: (a->getCurrentHP()) > (damagedHP), actual: 205 vs 205

[  FAILED  ] BattleFlowIntegrationTest.FullBattleWithStatusMovesSwitchAndAbilities (5068 ms)
[----------] 1 test from BattleFlowIntegrationTest (5068 ms total)

[----------] Global test environment tear-down
[==========] 1 test from 1 test suite ran. (5068 ms total)
[  PASSED  ] 0 tests.
[  FAILED  ] 1 test, listed below:
[  FAILED  ] BattleFlowIntegrationTest.FullBattleWithStatusMovesSwitchAndAbilities

 1 FAILED TEST
<end of output>
Test time =   5.09 sec
----------------------------------------------------------
Test Failed.
"BattleFlowIntegrationTest.FullBattleWithStatusMovesSwitchAndAbilities" end time: Jun 24 09:20 CST
"BattleFlowIntegrationTest.FullBattleWithStatusMovesSwitchAndAbilities" time elapsed: 00:00:05
----------------------------------------------------------

191/192 Testing: ItemDataTest.AbsorbBulbBoostsSpAtkOnWaterHit
191/192 Test: ItemDataTest.AbsorbBulbBoostsSpAtkOnWaterHit
Command: "/home/qzz/PokemonSimulator/build/PokemonSimulatorTests" "--gtest_filter=ItemDataTest.AbsorbBulbBoostsSpAtkOnWaterHit" "--gtest_also_run_disabled_tests"
Directory: /home/qzz/PokemonSimulator/build
"ItemDataTest.AbsorbBulbBoostsSpAtkOnWaterHit" start time: Jun 24 09:20 CST
Output:
----------------------------------------------------------
Running main() from /home/qzz/PokemonSimulator/build/_deps/googletest-src/googletest/src/gtest_main.cc
Note: Google Test filter = ItemDataTest.AbsorbBulbBoostsSpAtkOnWaterHit
[==========] Running 1 test from 1 test suite.
[----------] Global test environment set-up.
[----------] 1 test from ItemDataTest
[ RUN      ] ItemDataTest.AbsorbBulbBoostsSpAtkOnWaterHit
[       OK ] ItemDataTest.AbsorbBulbBoostsSpAtkOnWaterHit (758 ms)
[----------] 1 test from ItemDataTest (758 ms total)

[----------] Global test environment tear-down
[==========] 1 test from 1 test suite ran. (759 ms total)
[  PASSED  ] 1 test.
<end of output>
Test time =   0.78 sec
----------------------------------------------------------
Test Passed.
"ItemDataTest.AbsorbBulbBoostsSpAtkOnWaterHit" end time: Jun 24 09:20 CST
"ItemDataTest.AbsorbBulbBoostsSpAtkOnWaterHit" time elapsed: 00:00:00
----------------------------------------------------------

192/192 Testing: ItemDataTest.CellBatteryBoostsAtkOnElectricHit
192/192 Test: ItemDataTest.CellBatteryBoostsAtkOnElectricHit
Command: "/home/qzz/PokemonSimulator/build/PokemonSimulatorTests" "--gtest_filter=ItemDataTest.CellBatteryBoostsAtkOnElectricHit" "--gtest_also_run_disabled_tests"
Directory: /home/qzz/PokemonSimulator/build
"ItemDataTest.CellBatteryBoostsAtkOnElectricHit" start time: Jun 24 09:20 CST
Output:
----------------------------------------------------------
Running main() from /home/qzz/PokemonSimulator/build/_deps/googletest-src/googletest/src/gtest_main.cc
Note: Google Test filter = ItemDataTest.CellBatteryBoostsAtkOnElectricHit
[==========] Running 1 test from 1 test suite.
[----------] Global test environment set-up.
[----------] 1 test from ItemDataTest
[ RUN      ] ItemDataTest.CellBatteryBoostsAtkOnElectricHit
[       OK ] ItemDataTest.CellBatteryBoostsAtkOnElectricHit (787 ms)
[----------] 1 test from ItemDataTest (787 ms total)

[----------] Global test environment tear-down
[==========] 1 test from 1 test suite ran. (787 ms total)
[  PASSED  ] 1 test.
<end of output>
Test time =   0.81 sec
----------------------------------------------------------
Test Passed.
"ItemDataTest.CellBatteryBoostsAtkOnElectricHit" end time: Jun 24 09:20 CST
"ItemDataTest.CellBatteryBoostsAtkOnElectricHit" time elapsed: 00:00:00
----------------------------------------------------------

End testing: Jun 24 09:20 CST
